Watching for file changes with StatReloader
Waiting for apps ready_event.
Apps ready_event triggered. Sending autoreload_started signal.
Watching dir C:\Users\Developer3\Desktop\accounts\config\locale with glob **/*.mo.
(0.000) 
            SELECT name, type FROM sqlite_master
            WHERE type in ('table', 'view') AND NOT name='sqlite_sequence'
            ORDER BY name; args=None
(0.000) SELECT "django_migrations"."id", "django_migrations"."app", "django_migrations"."name", "django_migrations"."applied" FROM "django_migrations"; args=()
File C:\Users\Developer3\anaconda3\Lib\asyncio\constants.py first seen with mtime 1589391114.0
File C:\Users\Developer3\.virtualenvs\accounts-JhCRIwIN\Lib\site-packages\django\contrib\admin\templatetags\admin_urls.py first seen with mtime 1597814183.7812042
File C:\Users\Developer3\.virtualenvs\accounts-JhCRIwIN\Lib\site-packages\django\http\request.py first seen with mtime 1597814187.968008
File C:\Users\Developer3\.virtualenvs\accounts-JhCRIwIN\Lib\site-packages\django\template\defaulttags.py first seen with mtime 1597814187.9909472
File C:\Users\Developer3\.virtualenvs\accounts-JhCRIwIN\Lib\site-packages\django\db\backends\base\__init__.py first seen with mtime 1597814187.6877582
File C:\Users\Developer3\.virtualenvs\accounts-JhCRIwIN\Lib\site-packages\django\utils\numberformat.py first seen with mtime 1597814188.1016648
File C:\Users\Developer3\.virtualenvs\accounts-JhCRIwIN\Lib\site-packages\django\contrib\admin\helpers.py first seen with mtime 1597814182.8257606
File C:\Users\Developer3\.virtualenvs\accounts-JhCRIwIN\Lib\site-packages\django\utils\decorators.py first seen with mtime 1597814188.0757205
File C:\Users\Developer3\anaconda3\Lib\wsgiref\__init__.py first seen with mtime 1589391114.0
File C:\Users\Developer3\anaconda3\Lib\gzip.py first seen with mtime 1589391114.0
File C:\Users\Developer3\anaconda3\Lib\datetime.py first seen with mtime 1589391114.0
File C:\Users\Developer3\.virtualenvs\accounts-JhCRIwIN\Lib\site-packages\django\db\models\sql\query.py first seen with mtime 1597814187.855309
File C:\Users\Developer3\anaconda3\Lib\io.py first seen with mtime 1589391114.0
File C:\Users\Developer3\anaconda3\Lib\platform.py first seen with mtime 1593706539.0
File C:\Users\Developer3\.virtualenvs\accounts-JhCRIwIN\Lib\site-packages\django\db\models\enums.py first seen with mtime 1597814187.8074381
File C:\Users\Developer3\anaconda3\DLLs\select.pyd first seen with mtime 1593707485.0
File C:\Users\Developer3\.virtualenvs\accounts-JhCRIwIN\Lib\site-packages\asgiref\__init__.py first seen with mtime 1597814182.1126666
File C:\Users\Developer3\.virtualenvs\accounts-JhCRIwIN\Lib\site-packages\django\template\exceptions.py first seen with mtime 1597814187.9939384
File C:\Users\Developer3\anaconda3\Lib\fnmatch.py first seen with mtime 1589391114.0
File C:\Users\Developer3\anaconda3\Lib\email\feedparser.py first seen with mtime 1589391114.0
File C:\Users\Developer3\anaconda3\Lib\encodings\__init__.py first seen with mtime 1589391114.0
File C:\Users\Developer3\anaconda3\Lib\email\mime\base.py first seen with mtime 1589391114.0
File C:\Users\Developer3\.virtualenvs\accounts-JhCRIwIN\Lib\site-packages\django\db\models\fields\related_lookups.py first seen with mtime 1597814187.8333683
File C:\Users\Developer3\.virtualenvs\accounts-JhCRIwIN\Lib\site-packages\django\db\backends\sqlite3\__init__.py first seen with mtime 1597814187.7525842
File C:\Users\Developer3\anaconda3\Lib\asyncio\format_helpers.py first seen with mtime 1589391114.0
File C:\Users\Developer3\.virtualenvs\accounts-JhCRIwIN\Lib\site-packages\django\db\models\functions\math.py first seen with mtime 1597814187.8413467
File C:\Users\Developer3\anaconda3\Lib\socket.py first seen with mtime 1589391114.0
File C:\Users\Developer3\anaconda3\DLLs\_decimal.pyd first seen with mtime 1593707485.0
File C:\Users\Developer3\anaconda3\Lib\pathlib.py first seen with mtime 1589391114.0
File C:\Users\Developer3\.virtualenvs\accounts-JhCRIwIN\Lib\site-packages\django\apps\__init__.py first seen with mtime 1597814182.2203789
File C:\Users\Developer3\.virtualenvs\accounts-JhCRIwIN\Lib\site-packages\django\urls\converters.py first seen with mtime 1597814188.0487924
File C:\Users\Developer3\.virtualenvs\accounts-JhCRIwIN\Lib\site-packages\django\urls\exceptions.py first seen with mtime 1597814188.0507872
File C:\Users\Developer3\.virtualenvs\accounts-JhCRIwIN\Lib\site-packages\django\views\decorators\cache.py first seen with mtime 1597814188.1375544
File C:\Users\Developer3\.virtualenvs\accounts-JhCRIwIN\Lib\site-packages\sqlparse\filters\tokens.py first seen with mtime 1597814181.979024
File C:\Users\Developer3\.virtualenvs\accounts-JhCRIwIN\Lib\site-packages\django\forms\models.py first seen with mtime 1597814187.8722641
File C:\Users\Developer3\.virtualenvs\accounts-JhCRIwIN\Lib\site-packages\django\forms\formsets.py first seen with mtime 1597814187.8702686
File C:\Users\Developer3\.virtualenvs\accounts-JhCRIwIN\Lib\site-packages\django\apps\registry.py first seen with mtime 1597814182.2233703
File C:\Users\Developer3\anaconda3\Lib\weakref.py first seen with mtime 1589391114.0
File C:\Users\Developer3\anaconda3\Lib\asyncio\runners.py first seen with mtime 1589391114.0
File C:\Users\Developer3\.virtualenvs\accounts-JhCRIwIN\Lib\site-packages\django\db\models\functions\window.py first seen with mtime 1597814187.8463335
File C:\Users\Developer3\anaconda3\Lib\http\__init__.py first seen with mtime 1589391114.0
File C:\Users\Developer3\anaconda3\Lib\random.py first seen with mtime 1589391114.0
File C:\Users\Developer3\anaconda3\Lib\wsgiref\headers.py first seen with mtime 1589391114.0
File C:\Users\Developer3\.virtualenvs\accounts-JhCRIwIN\Lib\site-packages\sqlparse\tokens.py first seen with mtime 1597814181.9620702
File C:\Users\Developer3\anaconda3\Lib\http\server.py first seen with mtime 1589391114.0
File C:\Users\Developer3\.virtualenvs\accounts-JhCRIwIN\Lib\site-packages\django\contrib\auth\base_user.py first seen with mtime 1597814184.1601913
File C:\Users\Developer3\.virtualenvs\accounts-JhCRIwIN\Lib\site-packages\django\forms\renderers.py first seen with mtime 1597814187.8742588
File C:\Users\Developer3\anaconda3\Lib\email\mime\nonmultipart.py first seen with mtime 1589391114.0
File C:\Users\Developer3\.virtualenvs\accounts-JhCRIwIN\Lib\site-packages\django\contrib\messages\storage\__init__.py first seen with mtime 1597814186.1708145
File C:\Users\Developer3\.virtualenvs\accounts-JhCRIwIN\Lib\site-packages\django\db\models\manager.py first seen with mtime 1597814187.8134212
File C:\Users\Developer3\anaconda3\Lib\email\_header_value_parser.py first seen with mtime 1589391114.0
File C:\Users\Developer3\anaconda3\Lib\base64.py first seen with mtime 1589391114.0
File C:\Users\Developer3\anaconda3\Lib\email\quoprimime.py first seen with mtime 1589391114.0
File C:\Users\Developer3\anaconda3\Lib\decimal.py first seen with mtime 1589391114.0
File C:\Users\Developer3\.virtualenvs\accounts-JhCRIwIN\Lib\site-packages\django\db\models\query_utils.py first seen with mtime 1597814187.8184083
File C:\Users\Developer3\anaconda3\Lib\email\policy.py first seen with mtime 1589391114.0
File C:\Users\Developer3\anaconda3\Lib\logging\handlers.py first seen with mtime 1589391114.0
File C:\Users\Developer3\anaconda3\Lib\asyncio\log.py first seen with mtime 1589391114.0
File C:\Users\Developer3\.virtualenvs\accounts-JhCRIwIN\Lib\site-packages\django\db\migrations\operations\base.py first seen with mtime 1597814187.7894852
File C:\Users\Developer3\anaconda3\Lib\tempfile.py first seen with mtime 1589391114.0
File C:\Users\Developer3\anaconda3\Lib\importlib\__init__.py first seen with mtime 1589391114.0
File C:\Users\Developer3\anaconda3\Lib\inspect.py first seen with mtime 1589391114.0
File C:\Users\Developer3\.virtualenvs\accounts-JhCRIwIN\Lib\site-packages\django\db\models\options.py first seen with mtime 1597814187.8154156
File C:\Users\Developer3\anaconda3\Lib\email\utils.py first seen with mtime 1589391114.0
File C:\Users\Developer3\anaconda3\Lib\heapq.py first seen with mtime 1589391114.0
File C:\Users\Developer3\anaconda3\Lib\pickle.py first seen with mtime 1589391114.0
File C:\Users\Developer3\.virtualenvs\accounts-JhCRIwIN\Lib\site-packages\django\core\checks\messages.py first seen with mtime 1597814187.5531168
File C:\Users\Developer3\.virtualenvs\accounts-JhCRIwIN\Lib\site-packages\django\contrib\staticfiles\handlers.py first seen with mtime 1597814187.505245
File C:\Users\Developer3\anaconda3\Lib\urllib\parse.py first seen with mtime 1589391114.0
File C:\Users\Developer3\.virtualenvs\accounts-JhCRIwIN\Lib\site-packages\django\utils\deprecation.py first seen with mtime 1597814188.0777142
File C:\Users\Developer3\.virtualenvs\accounts-JhCRIwIN\Lib\site-packages\django\contrib\auth\__init__.py first seen with mtime 1597814184.1552057
File C:\Users\Developer3\.virtualenvs\accounts-JhCRIwIN\Lib\site-packages\django\db\models\query.py first seen with mtime 1597814187.8174105
File C:\Users\Developer3\anaconda3\Lib\wsgiref\util.py first seen with mtime 1589391114.0
File C:\Users\Developer3\.virtualenvs\accounts-JhCRIwIN\Lib\site-packages\pytz\__init__.py first seen with mtime 1597814180.878765
File C:\Users\Developer3\anaconda3\Lib\asyncio\base_tasks.py first seen with mtime 1589391114.0
File C:\Users\Developer3\anaconda3\Lib\importlib\abc.py first seen with mtime 1589391114.0
File C:\Users\Developer3\.virtualenvs\accounts-JhCRIwIN\Lib\site-packages\django\middleware\__init__.py first seen with mtime 1597814187.9709997
File C:\Users\Developer3\anaconda3\Lib\http\client.py first seen with mtime 1589391114.0
File C:\Users\Developer3\.virtualenvs\accounts-JhCRIwIN\Lib\site-packages\django\http\response.py first seen with mtime 1597814187.9700024
File C:\Users\Developer3\anaconda3\Lib\asyncio\queues.py first seen with mtime 1589391114.0
File C:\Users\Developer3\.virtualenvs\accounts-JhCRIwIN\Lib\site-packages\django\core\handlers\exception.py first seen with mtime 1597814187.5890212
File C:\Users\Developer3\anaconda3\Lib\queue.py first seen with mtime 1589391114.0
File C:\Users\Developer3\.virtualenvs\accounts-JhCRIwIN\Lib\site-packages\django\template\base.py first seen with mtime 1597814187.9849625
File C:\Users\Developer3\anaconda3\Lib\pprint.py first seen with mtime 1589391114.0
File C:\Users\Developer3\.virtualenvs\accounts-JhCRIwIN\Lib\site-packages\django\db\models\sql\datastructures.py first seen with mtime 1597814187.8523176
File C:\Users\Developer3\.virtualenvs\accounts-JhCRIwIN\Lib\site-packages\django\db\transaction.py first seen with mtime 1597814187.6777852
File C:\Users\Developer3\anaconda3\Lib\sre_constants.py first seen with mtime 1589391114.0
File C:\Users\Developer3\.virtualenvs\accounts-JhCRIwIN\Lib\site-packages\django\core\checks\caches.py first seen with mtime 1597814187.5511222
File C:\Users\Developer3\.virtualenvs\accounts-JhCRIwIN\Lib\site-packages\django\contrib\admin\utils.py first seen with mtime 1597814182.8337393
File C:\Users\Developer3\anaconda3\Lib\email\base64mime.py first seen with mtime 1589391114.0
File C:\Users\Developer3\.virtualenvs\accounts-JhCRIwIN\Lib\site-packages\django\contrib\auth\hashers.py first seen with mtime 1597814184.1701646
File C:\Users\Developer3\.virtualenvs\accounts-JhCRIwIN\Lib\site-packages\django\urls\base.py first seen with mtime 1597814188.0467968
File C:\Users\Developer3\.virtualenvs\accounts-JhCRIwIN\Lib\site-packages\django\views\generic\detail.py first seen with mtime 1597814188.1525147
File C:\Users\Developer3\.virtualenvs\accounts-JhCRIwIN\Lib\site-packages\django\views\static.py first seen with mtime 1597814188.1345623
File C:\Users\Developer3\anaconda3\DLLs\_asyncio.pyd first seen with mtime 1593707479.0
File C:\Users\Developer3\.virtualenvs\accounts-JhCRIwIN\Lib\site-packages\django\utils\autoreload.py first seen with mtime 1597814188.0607667
File C:\Users\Developer3\anaconda3\Lib\asyncio\staggered.py first seen with mtime 1589391114.0
File C:\Users\Developer3\.virtualenvs\accounts-JhCRIwIN\Lib\site-packages\django\forms\forms.py first seen with mtime 1597814187.8692722
File C:\Users\Developer3\anaconda3\Lib\importlib\machinery.py first seen with mtime 1589391114.0
File C:\Users\Developer3\anaconda3\Lib\pkgutil.py first seen with mtime 1589391114.0
File C:\Users\Developer3\.virtualenvs\accounts-JhCRIwIN\Lib\site-packages\django\db\models\fields\mixins.py first seen with mtime 1597814187.827384
File C:\Users\Developer3\.virtualenvs\accounts-JhCRIwIN\Lib\site-packages\django\template\smartif.py first seen with mtime 1597814188.0009198
File C:\Users\Developer3\anaconda3\Lib\email\__init__.py first seen with mtime 1589391114.0
File C:\Users\Developer3\.virtualenvs\accounts-JhCRIwIN\Lib\site-packages\django\db\backends\base\operations.py first seen with mtime 1597814187.6977313
File C:\Users\Developer3\.virtualenvs\accounts-JhCRIwIN\Lib\site-packages\sqlparse\formatter.py first seen with mtime 1597814181.9560928
File C:\Users\Developer3\.virtualenvs\accounts-JhCRIwIN\Lib\site-packages\django\core\signing.py first seen with mtime 1597814187.530179
File C:\Users\Developer3\anaconda3\Lib\asyncio\futures.py first seen with mtime 1589391114.0
File C:\Users\Developer3\anaconda3\Lib\ssl.py first seen with mtime 1589391114.0
File C:\Users\Developer3\.virtualenvs\accounts-JhCRIwIN\Lib\site-packages\django\core\files\uploadhandler.py first seen with mtime 1597814187.5810428
File C:\Users\Developer3\anaconda3\Lib\selectors.py first seen with mtime 1589391114.0
File C:\Users\Developer3\.virtualenvs\accounts-JhCRIwIN\Lib\site-packages\django\db\migrations\__init__.py first seen with mtime 1597814187.7655492
File C:\Users\Developer3\anaconda3\Lib\copy.py first seen with mtime 1589391114.0
File C:\Users\Developer3\anaconda3\Lib\ntpath.py first seen with mtime 1589391114.0
File C:\Users\Developer3\anaconda3\Lib\_weakrefset.py first seen with mtime 1589391114.0
File C:\Users\Developer3\anaconda3\Lib\email\message.py first seen with mtime 1589391114.0
File C:\Users\Developer3\anaconda3\Lib\asyncio\streams.py first seen with mtime 1589391114.0
File C:\Users\Developer3\.virtualenvs\accounts-JhCRIwIN\Lib\site-packages\django\http\__init__.py first seen with mtime 1597814187.9640188
File C:\Users\Developer3\.virtualenvs\accounts-JhCRIwIN\Lib\site-packages\django\db\backends\sqlite3\operations.py first seen with mtime 1597814187.7625568
File C:\Users\Developer3\.virtualenvs\accounts-JhCRIwIN\Lib\site-packages\django\forms\widgets.py first seen with mtime 1597814187.8772502
File C:\Users\Developer3\.virtualenvs\accounts-JhCRIwIN\Lib\site-packages\django\db\models\functions\__init__.py first seen with mtime 1597814187.8373573
File C:\Users\Developer3\.virtualenvs\accounts-JhCRIwIN\Lib\site-packages\django\db\backends\ddl_references.py first seen with mtime 1597814187.682771
File C:\Users\Developer3\.virtualenvs\accounts-JhCRIwIN\Lib\site-packages\django\template\loader_tags.py first seen with mtime 1597814187.9979277
File C:\Users\Developer3\anaconda3\Lib\asyncio\subprocess.py first seen with mtime 1589391114.0
File C:\Users\Developer3\.virtualenvs\accounts-JhCRIwIN\Lib\site-packages\django\core\management\commands\runserver.py first seen with mtime 1597814187.6438746
File C:\Users\Developer3\.virtualenvs\accounts-JhCRIwIN\Lib\site-packages\sqlparse\filters\__init__.py first seen with mtime 1597814181.971046
File C:\Users\Developer3\.virtualenvs\accounts-JhCRIwIN\Lib\site-packages\django\apps\config.py first seen with mtime 1597814182.2223735
File C:\Users\Developer3\.virtualenvs\accounts-JhCRIwIN\Lib\site-packages\django\db\backends\base\features.py first seen with mtime 1597814187.694739
File C:\Users\Developer3\.virtualenvs\accounts-JhCRIwIN\Lib\site-packages\django\contrib\contenttypes\management\__init__.py first seen with mtime 1597814184.9321268
File C:\Users\Developer3\anaconda3\Lib\ctypes\__init__.py first seen with mtime 1589391114.0
File C:\Users\Developer3\.virtualenvs\accounts-JhCRIwIN\Lib\site-packages\django\middleware\cache.py first seen with mtime 1597814187.9719968
File C:\Users\Developer3\anaconda3\Lib\distutils\__init__.py first seen with mtime 1589391114.0
File C:\Users\Developer3\.virtualenvs\accounts-JhCRIwIN\Lib\site-packages\django\contrib\admin\__init__.py first seen with mtime 1597814182.8137913
File C:\Users\Developer3\.virtualenvs\accounts-JhCRIwIN\Lib\site-packages\django\forms\boundfield.py first seen with mtime 1597814187.8652828
File C:\Users\Developer3\.virtualenvs\accounts-JhCRIwIN\Lib\site-packages\django\utils\inspect.py first seen with mtime 1597814188.09068
File C:\Users\Developer3\.virtualenvs\accounts-JhCRIwIN\Lib\site-packages\django\contrib\contenttypes\fields.py first seen with mtime 1597814184.55713
File C:\Users\Developer3\anaconda3\Lib\json\__init__.py first seen with mtime 1589391114.0
File C:\Users\Developer3\.virtualenvs\accounts-JhCRIwIN\Lib\site-packages\pytz\lazy.py first seen with mtime 1597814180.8827822
File C:\Users\Developer3\anaconda3\Lib\uuid.py first seen with mtime 1589391114.0
File C:\Users\Developer3\anaconda3\Lib\stat.py first seen with mtime 1589391114.0
File C:\Users\Developer3\.virtualenvs\accounts-JhCRIwIN\Lib\site-packages\django\utils\timesince.py first seen with mtime 1597814188.1096292
File C:\Users\Developer3\.virtualenvs\accounts-JhCRIwIN\Lib\site-packages\django\utils\baseconv.py first seen with mtime 1597814188.0627546
File C:\Users\Developer3\.virtualenvs\accounts-JhCRIwIN\Lib\site-packages\django\utils\text.py first seen with mtime 1597814188.1086326
File C:\Users\Developer3\.virtualenvs\accounts-JhCRIwIN\Lib\site-packages\django\views\generic\dates.py first seen with mtime 1597814188.151517
File C:\Users\Developer3\.virtualenvs\accounts-JhCRIwIN\Lib\site-packages\django\core\__init__.py first seen with mtime 1597814187.5222
File C:\Users\Developer3\.virtualenvs\accounts-JhCRIwIN\Lib\site-packages\django\views\decorators\debug.py first seen with mtime 1597814188.1415434
File C:\Users\Developer3\anaconda3\Lib\secrets.py first seen with mtime 1589391114.0
File C:\Users\Developer3\.virtualenvs\accounts-JhCRIwIN\Lib\site-packages\django\contrib\admin\templatetags\__init__.py first seen with mtime 1597814183.7742233
File C:\Users\Developer3\.virtualenvs\accounts-JhCRIwIN\Lib\site-packages\django\contrib\admin\filters.py first seen with mtime 1597814182.8227684
File C:\Users\Developer3\anaconda3\Lib\json\encoder.py first seen with mtime 1589391114.0
File C:\Users\Developer3\anaconda3\Lib\asyncio\windows_utils.py first seen with mtime 1589391114.0
File C:\Users\Developer3\.virtualenvs\accounts-JhCRIwIN\Lib\site-packages\django\db\backends\sqlite3\features.py first seen with mtime 1597814187.7585678
File C:\Users\Developer3\.virtualenvs\accounts-JhCRIwIN\Lib\site-packages\django\db\models\aggregates.py first seen with mtime 1597814187.798461
File C:\Users\Developer3\.virtualenvs\accounts-JhCRIwIN\Lib\site-packages\_virtualenv.py first seen with mtime 1597814170.4884825
File C:\Users\Developer3\.virtualenvs\accounts-JhCRIwIN\Lib\site-packages\django\contrib\staticfiles\utils.py first seen with mtime 1597814187.5112295
File C:\Users\Developer3\.virtualenvs\accounts-JhCRIwIN\Lib\site-packages\django\contrib\sessions\base_session.py first seen with mtime 1597814186.8051174
File C:\Users\Developer3\.virtualenvs\accounts-JhCRIwIN\Lib\site-packages\django\contrib\staticfiles\finders.py first seen with mtime 1597814187.5032506
File C:\Users\Developer3\anaconda3\Lib\asyncio\protocols.py first seen with mtime 1589391114.0
File C:\Users\Developer3\anaconda3\Lib\reprlib.py first seen with mtime 1589391114.0
File C:\Users\Developer3\.virtualenvs\accounts-JhCRIwIN\Lib\site-packages\sqlparse\engine\__init__.py first seen with mtime 1597814181.964065
File C:\Users\Developer3\anaconda3\DLLs\_hashlib.pyd first seen with mtime 1593707489.0
File C:\Users\Developer3\.virtualenvs\accounts-JhCRIwIN\Lib\site-packages\django\core\management\base.py first seen with mtime 1597814187.6079714
File C:\Users\Developer3\.virtualenvs\accounts-JhCRIwIN\Lib\site-packages\django\core\checks\security\base.py first seen with mtime 1597814187.5650852
File C:\Users\Developer3\anaconda3\Lib\bz2.py first seen with mtime 1589391114.0
File C:\Users\Developer3\.virtualenvs\accounts-JhCRIwIN\Lib\site-packages\django\contrib\sessions\__init__.py first seen with mtime 1597814186.803124
File C:\Users\Developer3\anaconda3\Lib\email\generator.py first seen with mtime 1589391114.0
File C:\Users\Developer3\.virtualenvs\accounts-JhCRIwIN\Lib\site-packages\django\utils\html.py first seen with mtime 1597814188.0876875
File C:\Users\Developer3\anaconda3\Lib\dis.py first seen with mtime 1589391114.0
File C:\Users\Developer3\.virtualenvs\accounts-JhCRIwIN\Lib\site-packages\django\core\checks\async_checks.py first seen with mtime 1597814187.549128
File C:\Users\Developer3\.virtualenvs\accounts-JhCRIwIN\Lib\site-packages\django\db\models\sql\where.py first seen with mtime 1597814187.8583014
File C:\Users\Developer3\anaconda3\Lib\email\mime\__init__.py first seen with mtime 1589391114.0
File C:\Users\Developer3\anaconda3\Lib\__future__.py first seen with mtime 1589391114.0
File C:\Users\Developer3\.virtualenvs\accounts-JhCRIwIN\Lib\site-packages\sqlparse\filters\right_margin.py first seen with mtime 1597814181.9780262
File C:\Users\Developer3\.virtualenvs\accounts-JhCRIwIN\Lib\site-packages\pytz\exceptions.py first seen with mtime 1597814180.88076
File C:\Users\Developer3\.virtualenvs\accounts-JhCRIwIN\Lib\site-packages\django\contrib\auth\validators.py first seen with mtime 1597814184.1821327
File C:\Users\Developer3\.virtualenvs\accounts-JhCRIwIN\Lib\site-packages\django\contrib\auth\apps.py first seen with mtime 1597814184.1571999
File C:\Users\Developer3\anaconda3\Lib\socketserver.py first seen with mtime 1589391114.0
File C:\Users\Developer3\anaconda3\DLLs\_ssl.pyd first seen with mtime 1593707497.0
File C:\Users\Developer3\.virtualenvs\accounts-JhCRIwIN\Lib\site-packages\django\conf\global_settings.py first seen with mtime 1597814182.2283578
File C:\Users\Developer3\.virtualenvs\accounts-JhCRIwIN\Lib\site-packages\django\views\generic\edit.py first seen with mtime 1597814188.153512
File C:\Users\Developer3\anaconda3\Lib\nturl2path.py first seen with mtime 1589391114.0
File C:\Users\Developer3\anaconda3\Lib\email\mime\message.py first seen with mtime 1589391114.0
File C:\Users\Developer3\anaconda3\Lib\logging\__init__.py first seen with mtime 1589391114.0
File C:\Users\Developer3\.virtualenvs\accounts-JhCRIwIN\Lib\site-packages\django\template\context.py first seen with mtime 1597814187.98596
File C:\Users\Developer3\anaconda3\Lib\_sitebuiltins.py first seen with mtime 1589391114.0
File C:\Users\Developer3\.virtualenvs\accounts-JhCRIwIN\Lib\site-packages\django\utils\translation\__init__.py first seen with mtime 1597814188.118605
File C:\Users\Developer3\.virtualenvs\accounts-JhCRIwIN\Lib\site-packages\django\template\defaultfilters.py first seen with mtime 1597814187.9889522
File C:\Users\Developer3\anaconda3\Lib\asyncio\coroutines.py first seen with mtime 1589391114.0
File C:\Users\Developer3\.virtualenvs\accounts-JhCRIwIN\Lib\site-packages\sqlparse\engine\grouping.py first seen with mtime 1597814181.967081
File C:\Users\Developer3\anaconda3\Lib\asyncio\events.py first seen with mtime 1589391114.0
File C:\Users\Developer3\.virtualenvs\accounts-JhCRIwIN\Lib\site-packages\django\contrib\contenttypes\__init__.py first seen with mtime 1597814184.5511453
File C:\Users\Developer3\.virtualenvs\accounts-JhCRIwIN\Lib\site-packages\sqlparse\keywords.py first seen with mtime 1597814181.957114
File C:\Users\Developer3\.virtualenvs\accounts-JhCRIwIN\Lib\site-packages\django\core\checks\security\csrf.py first seen with mtime 1597814187.5670798
File C:\Users\Developer3\anaconda3\Lib\sre_compile.py first seen with mtime 1589391114.0
File C:\Users\Developer3\anaconda3\Lib\contextvars.py first seen with mtime 1589391114.0
File C:\Users\Developer3\.virtualenvs\accounts-JhCRIwIN\Lib\site-packages\django\contrib\admin\views\autocomplete.py first seen with mtime 1597814183.7871883
File C:\Users\Developer3\.virtualenvs\accounts-JhCRIwIN\Lib\site-packages\django\core\servers\__init__.py first seen with mtime 1597814187.671808
File C:\Users\Developer3\.virtualenvs\accounts-JhCRIwIN\Lib\site-packages\django\template\utils.py first seen with mtime 1597814188.0029144
File C:\Users\Developer3\.virtualenvs\accounts-JhCRIwIN\Lib\site-packages\django\views\generic\base.py first seen with mtime 1597814188.1495218
File C:\Users\Developer3\anaconda3\Lib\shutil.py first seen with mtime 1589391114.0
File C:\Users\Developer3\.virtualenvs\accounts-JhCRIwIN\Lib\site-packages\django\contrib\staticfiles\__init__.py first seen with mtime 1597814187.4992614
File C:\Users\Developer3\.virtualenvs\accounts-JhCRIwIN\Lib\site-packages\django\utils\datastructures.py first seen with mtime 1597814188.0667439
File C:\Users\Developer3\.virtualenvs\accounts-JhCRIwIN\Lib\site-packages\django\utils\lorem_ipsum.py first seen with mtime 1597814188.0986583
File C:\Users\Developer3\.virtualenvs\accounts-JhCRIwIN\Lib\site-packages\asgiref\sync.py first seen with mtime 1597814182.119648
File C:\Users\Developer3\anaconda3\Lib\asyncio\exceptions.py first seen with mtime 1589391114.0
File C:\Users\Developer3\anaconda3\Lib\asyncio\tasks.py first seen with mtime 1589391114.0
File C:\Users\Developer3\.virtualenvs\accounts-JhCRIwIN\Lib\site-packages\django\core\files\temp.py first seen with mtime 1597814187.5790484
File C:\Users\Developer3\.virtualenvs\accounts-JhCRIwIN\Lib\site-packages\sqlparse\compat.py first seen with mtime 1597814181.9521248
File C:\Users\Developer3\Desktop\accounts\config\manage.py first seen with mtime 1597814577.3043468
File C:\Users\Developer3\.virtualenvs\accounts-JhCRIwIN\Lib\site-packages\django\urls\utils.py first seen with mtime 1597814188.053779
File C:\Users\Developer3\anaconda3\Lib\re.py first seen with mtime 1589391114.0
File C:\Users\Developer3\anaconda3\Lib\calendar.py first seen with mtime 1589391114.0
File C:\Users\Developer3\.virtualenvs\accounts-JhCRIwIN\Lib\site-packages\django\db\models\expressions.py first seen with mtime 1597814187.8094318
File C:\Users\Developer3\.virtualenvs\accounts-JhCRIwIN\Lib\site-packages\django\core\paginator.py first seen with mtime 1597814187.5271876
File C:\Users\Developer3\.virtualenvs\accounts-JhCRIwIN\Lib\site-packages\django\template\engine.py first seen with mtime 1597814187.9929407
File C:\Users\Developer3\.virtualenvs\accounts-JhCRIwIN\Lib\site-packages\django\db\migrations\operations\__init__.py first seen with mtime 1597814187.7874906
File C:\Users\Developer3\anaconda3\Lib\asyncio\sslproto.py first seen with mtime 1589391114.0
File C:\Users\Developer3\.virtualenvs\accounts-JhCRIwIN\Lib\site-packages\django\template\loader.py first seen with mtime 1597814187.9969306
File C:\Users\Developer3\anaconda3\Lib\asyncio\transports.py first seen with mtime 1589391114.0
File C:\Users\Developer3\.virtualenvs\accounts-JhCRIwIN\Lib\site-packages\django\db\migrations\operations\special.py first seen with mtime 1597814187.794472
File C:\Users\Developer3\anaconda3\Lib\_compat_pickle.py first seen with mtime 1589391114.0
File C:\Users\Developer3\.virtualenvs\accounts-JhCRIwIN\Lib\site-packages\django\db\migrations\exceptions.py first seen with mtime 1597814187.768541
File C:\Users\Developer3\.virtualenvs\accounts-JhCRIwIN\Lib\site-packages\django\utils\regex_helper.py first seen with mtime 1597814188.1036453
File C:\Users\Developer3\anaconda3\Lib\keyword.py first seen with mtime 1589391114.0
File C:\Users\Developer3\.virtualenvs\accounts-JhCRIwIN\Lib\site-packages\django\contrib\admin\models.py first seen with mtime 1597814182.826758
File C:\Users\Developer3\anaconda3\Lib\distutils\version.py first seen with mtime 1589391114.0
File C:\Users\Developer3\anaconda3\Lib\encodings\latin_1.py first seen with mtime 1589391114.0
File C:\Users\Developer3\.virtualenvs\accounts-JhCRIwIN\Lib\site-packages\django\db\models\fields\files.py first seen with mtime 1597814187.8243928
File C:\Users\Developer3\.virtualenvs\accounts-JhCRIwIN\Lib\site-packages\django\urls\conf.py first seen with mtime 1597814188.0477948
File C:\Users\Developer3\anaconda3\Lib\types.py first seen with mtime 1589391114.0
File C:\Users\Developer3\.virtualenvs\accounts-JhCRIwIN\Lib\site-packages\django\db\backends\base\validation.py first seen with mtime 1597814187.7017207
File C:\Users\Developer3\.virtualenvs\accounts-JhCRIwIN\Lib\site-packages\django\utils\timezone.py first seen with mtime 1597814188.1116235
File C:\Users\Developer3\anaconda3\Lib\email\encoders.py first seen with mtime 1589391114.0
File C:\Users\Developer3\.virtualenvs\accounts-JhCRIwIN\Lib\site-packages\django\utils\_os.py first seen with mtime 1597814188.0557733
File C:\Users\Developer3\.virtualenvs\accounts-JhCRIwIN\Lib\site-packages\django\utils\functional.py first seen with mtime 1597814188.0846956
File C:\Users\Developer3\anaconda3\Lib\abc.py first seen with mtime 1589391114.0
File C:\Users\Developer3\.virtualenvs\accounts-JhCRIwIN\Lib\site-packages\django\db\models\sql\constants.py first seen with mtime 1597814187.850323
File C:\Users\Developer3\.virtualenvs\accounts-JhCRIwIN\Lib\site-packages\django\core\handlers\base.py first seen with mtime 1597814187.5870266
File C:\Users\Developer3\.virtualenvs\accounts-JhCRIwIN\Lib\site-packages\django\template\__init__.py first seen with mtime 1597814187.982968
File C:\Users\Developer3\.virtualenvs\accounts-JhCRIwIN\Lib\site-packages\django\contrib\__init__.py first seen with mtime 1597814182.811797
File C:\Users\Developer3\anaconda3\Lib\email\parser.py first seen with mtime 1589391114.0
File C:\Users\Developer3\.virtualenvs\accounts-JhCRIwIN\Lib\site-packages\django\template\backends\base.py first seen with mtime 1597814188.0059066
File C:\Users\Developer3\.virtualenvs\accounts-JhCRIwIN\Lib\site-packages\django\conf\locale\__init__.py first seen with mtime 1597814182.2403407
File C:\Users\Developer3\.virtualenvs\accounts-JhCRIwIN\Lib\site-packages\django\core\handlers\asgi.py first seen with mtime 1597814187.5860302
File C:\Users\Developer3\.virtualenvs\accounts-JhCRIwIN\Lib\site-packages\django\db\models\signals.py first seen with mtime 1597814187.8194056
File C:\Users\Developer3\.virtualenvs\accounts-JhCRIwIN\Lib\site-packages\asgiref\current_thread_executor.py first seen with mtime 1597814182.1146615
File C:\Users\Developer3\.virtualenvs\accounts-JhCRIwIN\Lib\site-packages\django\template\library.py first seen with mtime 1597814187.9949365
File C:\Users\Developer3\.virtualenvs\accounts-JhCRIwIN\Lib\site-packages\django\utils\dates.py first seen with mtime 1597814188.07173
File C:\Users\Developer3\.virtualenvs\accounts-JhCRIwIN\Lib\site-packages\django\db\models\base.py first seen with mtime 1597814187.8004565
File C:\Users\Developer3\.virtualenvs\accounts-JhCRIwIN\Lib\site-packages\django\contrib\admin\apps.py first seen with mtime 1597814182.8167844
File C:\Users\Developer3\anaconda3\Lib\sqlite3\__init__.py first seen with mtime 1589391114.0
File C:\Users\Developer3\.virtualenvs\accounts-JhCRIwIN\Lib\site-packages\django\contrib\auth\views.py first seen with mtime 1597814184.1841269
File C:\Users\Developer3\.virtualenvs\accounts-JhCRIwIN\Lib\site-packages\django\db\models\functions\comparison.py first seen with mtime 1597814187.838355
File C:\Users\Developer3\.virtualenvs\accounts-JhCRIwIN\Lib\site-packages\django\urls\__init__.py first seen with mtime 1597814188.0448022
File C:\Users\Developer3\.virtualenvs\accounts-JhCRIwIN\Lib\site-packages\sqlparse\utils.py first seen with mtime 1597814181.9630947
File C:\Users\Developer3\anaconda3\Lib\html\__init__.py first seen with mtime 1589391114.0
File C:\Users\Developer3\.virtualenvs\accounts-JhCRIwIN\Lib\site-packages\django\utils\encoding.py first seen with mtime 1597814188.0807066
File C:\Users\Developer3\.virtualenvs\accounts-JhCRIwIN\Lib\site-packages\django\core\validators.py first seen with mtime 1597814187.5311763
File C:\Users\Developer3\.virtualenvs\accounts-JhCRIwIN\Lib\site-packages\django\core\checks\__init__.py first seen with mtime 1597814187.5481308
File C:\Users\Developer3\.virtualenvs\accounts-JhCRIwIN\Lib\site-packages\django\core\mail\utils.py first seen with mtime 1597814187.595005
File C:\Users\Developer3\.virtualenvs\accounts-JhCRIwIN\Lib\site-packages\django\contrib\auth\decorators.py first seen with mtime 1597814184.1671722
File C:\Users\Developer3\.virtualenvs\accounts-JhCRIwIN\Lib\site-packages\django\db\migrations\state.py first seen with mtime 1597814187.7825036
File C:\Users\Developer3\anaconda3\Lib\sqlite3\dbapi2.py first seen with mtime 1589391114.0
File C:\Users\Developer3\.virtualenvs\accounts-JhCRIwIN\Lib\site-packages\django\db\models\fields\related.py first seen with mtime 1597814187.8303752
File C:\Users\Developer3\.virtualenvs\accounts-JhCRIwIN\Lib\site-packages\django\core\files\uploadedfile.py first seen with mtime 1597814187.580045
File C:\Users\Developer3\anaconda3\Lib\email\charset.py first seen with mtime 1589391114.0
File C:\Users\Developer3\.virtualenvs\accounts-JhCRIwIN\Lib\site-packages\asgiref\local.py first seen with mtime 1597814182.1166563
File C:\Users\Developer3\.virtualenvs\accounts-JhCRIwIN\Lib\site-packages\django\__init__.py first seen with mtime 1597814182.2163894
File C:\Users\Developer3\anaconda3\Lib\_compression.py first seen with mtime 1589391114.0
File C:\Users\Developer3\.virtualenvs\accounts-JhCRIwIN\Lib\site-packages\pytz\tzfile.py first seen with mtime 1597814180.8877425
File C:\Users\Developer3\.virtualenvs\accounts-JhCRIwIN\Lib\site-packages\django\contrib\staticfiles\management\commands\runserver.py first seen with mtime 1597814187.517213
File C:\Users\Developer3\.virtualenvs\accounts-JhCRIwIN\Lib\site-packages\django\core\checks\registry.py first seen with mtime 1597814187.5561094
File C:\Users\Developer3\.virtualenvs\accounts-JhCRIwIN\Lib\site-packages\django\contrib\auth\urls.py first seen with mtime 1597814184.1811347
File C:\Users\Developer3\.virtualenvs\accounts-JhCRIwIN\Lib\site-packages\sqlparse\filters\aligned_indent.py first seen with mtime 1597814181.9720426
File C:\Users\Developer3\anaconda3\Lib\opcode.py first seen with mtime 1589391114.0
File C:\Users\Developer3\anaconda3\Lib\copyreg.py first seen with mtime 1589391114.0
File C:\Users\Developer3\anaconda3\Lib\sre_parse.py first seen with mtime 1589391114.0
File C:\Users\Developer3\.virtualenvs\accounts-JhCRIwIN\Lib\site-packages\django\db\backends\signals.py first seen with mtime 1597814187.684766
File C:\Users\Developer3\.virtualenvs\accounts-JhCRIwIN\Lib\site-packages\django\db\backends\base\introspection.py first seen with mtime 1597814187.6957357
File C:\Users\Developer3\anaconda3\Lib\posixpath.py first seen with mtime 1589391114.0
File C:\Users\Developer3\anaconda3\Lib\enum.py first seen with mtime 1589391114.0
File C:\Users\Developer3\.virtualenvs\accounts-JhCRIwIN\Lib\site-packages\sqlparse\filters\others.py first seen with mtime 1597814181.974044
File C:\Users\Developer3\anaconda3\Lib\asyncio\selector_events.py first seen with mtime 1589391114.0
File C:\Users\Developer3\anaconda3\Lib\hmac.py first seen with mtime 1589391114.0
File C:\Users\Developer3\anaconda3\Lib\wsgiref\simple_server.py first seen with mtime 1589391114.0
File C:\Users\Developer3\.virtualenvs\accounts-JhCRIwIN\Lib\site-packages\django\contrib\sessions\apps.py first seen with mtime 1597814186.8041203
File C:\Users\Developer3\anaconda3\Lib\asyncio\locks.py first seen with mtime 1589391114.0
File C:\Users\Developer3\.virtualenvs\accounts-JhCRIwIN\Lib\site-packages\django\forms\__init__.py first seen with mtime 1597814187.8642855
File C:\Users\Developer3\.virtualenvs\accounts-JhCRIwIN\Lib\site-packages\django\db\models\sql\subqueries.py first seen with mtime 1597814187.856306
File C:\Users\Developer3\anaconda3\DLLs\unicodedata.pyd first seen with mtime 1593707489.0
File C:\Users\Developer3\.virtualenvs\accounts-JhCRIwIN\Lib\site-packages\django\core\serializers\python.py first seen with mtime 1597814187.6678102
File C:\Users\Developer3\.virtualenvs\accounts-JhCRIwIN\Lib\site-packages\django\db\backends\base\schema.py first seen with mtime 1597814187.699726
File C:\Users\Developer3\.virtualenvs\accounts-JhCRIwIN\Lib\site-packages\django\contrib\contenttypes\models.py first seen with mtime 1597814184.560121
File C:\Users\Developer3\.virtualenvs\accounts-JhCRIwIN\Lib\site-packages\django\contrib\admin\options.py first seen with mtime 1597814182.8287516
File C:\Users\Developer3\.virtualenvs\accounts-JhCRIwIN\Lib\site-packages\django\core\cache\backends\base.py first seen with mtime 1597814187.5381572
File C:\Users\Developer3\anaconda3\Lib\signal.py first seen with mtime 1589391114.0
File C:\Users\Developer3\.virtualenvs\accounts-JhCRIwIN\Lib\site-packages\django\db\models\functions\mixins.py first seen with mtime 1597814187.8423436
File C:\Users\Developer3\.virtualenvs\accounts-JhCRIwIN\Lib\site-packages\django\core\serializers\base.py first seen with mtime 1597814187.6648185
File C:\Users\Developer3\.virtualenvs\accounts-JhCRIwIN\Lib\site-packages\django\db\backends\sqlite3\introspection.py first seen with mtime 1597814187.7605624
File C:\Users\Developer3\.virtualenvs\accounts-JhCRIwIN\Lib\site-packages\django\shortcuts.py first seen with mtime 1597814182.2183833
File C:\Users\Developer3\anaconda3\Lib\http\cookies.py first seen with mtime 1589391114.0
File C:\Users\Developer3\.virtualenvs\accounts-JhCRIwIN\Lib\site-packages\django\urls\resolvers.py first seen with mtime 1597814188.0517836
File C:\Users\Developer3\Desktop\accounts\config\config\settings.py first seen with mtime 1598248299.8318832
File C:\Users\Developer3\.virtualenvs\accounts-JhCRIwIN\Lib\site-packages\sqlparse\filters\output.py first seen with mtime 1597814181.9750347
File C:\Users\Developer3\.virtualenvs\accounts-JhCRIwIN\Lib\site-packages\django\conf\__init__.py first seen with mtime 1597814182.227367
File C:\Users\Developer3\.virtualenvs\accounts-JhCRIwIN\Lib\site-packages\django\core\checks\database.py first seen with mtime 1597814187.55212
File C:\Users\Developer3\anaconda3\Lib\urllib\request.py first seen with mtime 1589391114.0
File C:\Users\Developer3\.virtualenvs\accounts-JhCRIwIN\Lib\site-packages\pytz\tzinfo.py first seen with mtime 1597814180.890734
File C:\Users\Developer3\.virtualenvs\accounts-JhCRIwIN\Lib\site-packages\django\db\backends\sqlite3\schema.py first seen with mtime 1597814187.7635548
File C:\Users\Developer3\.virtualenvs\accounts-JhCRIwIN\Lib\site-packages\django\core\checks\urls.py first seen with mtime 1597814187.5610962
File C:\Users\Developer3\anaconda3\Lib\email\header.py first seen with mtime 1589391114.0
File C:\Users\Developer3\.virtualenvs\accounts-JhCRIwIN\Lib\site-packages\sqlparse\__init__.py first seen with mtime 1597814181.9481347
File C:\Users\Developer3\anaconda3\Lib\email\iterators.py first seen with mtime 1589391114.0
File C:\Users\Developer3\.virtualenvs\accounts-JhCRIwIN\Lib\site-packages\django\contrib\sites\__init__.py first seen with mtime 1597814187.160168
File C:\Users\Developer3\anaconda3\Lib\json\decoder.py first seen with mtime 1589391114.0
File C:\Users\Developer3\.virtualenvs\accounts-JhCRIwIN\Lib\site-packages\django\utils\__init__.py first seen with mtime 1597814188.054776
File C:\Users\Developer3\anaconda3\Lib\logging\config.py first seen with mtime 1589391114.0
File C:\Users\Developer3\.virtualenvs\accounts-JhCRIwIN\Lib\site-packages\sqlparse\lexer.py first seen with mtime 1597814181.9590783
File C:\Users\Developer3\anaconda3\Lib\asyncio\base_events.py first seen with mtime 1589391114.0
File C:\Users\Developer3\.virtualenvs\accounts-JhCRIwIN\Lib\site-packages\django\utils\formats.py first seen with mtime 1597814188.0836987
File C:\Users\Developer3\.virtualenvs\accounts-JhCRIwIN\Lib\site-packages\django\core\mail\__init__.py first seen with mtime 1597814187.5920136
File C:\Users\Developer3\anaconda3\Lib\tokenize.py first seen with mtime 1589391114.0
File C:\Users\Developer3\.virtualenvs\accounts-JhCRIwIN\Lib\site-packages\django\contrib\contenttypes\apps.py first seen with mtime 1597814184.5541377
File C:\Users\Developer3\.virtualenvs\accounts-JhCRIwIN\Lib\site-packages\django\db\models\functions\text.py first seen with mtime 1597814187.8443387
File C:\Users\Developer3\.virtualenvs\accounts-JhCRIwIN\Lib\site-packages\django\core\files\locks.py first seen with mtime 1597814187.5740614
File C:\Users\Developer3\.virtualenvs\accounts-JhCRIwIN\Lib\site-packages\django\contrib\auth\models.py first seen with mtime 1597814184.1741543
File C:\Users\Developer3\.virtualenvs\accounts-JhCRIwIN\Lib\site-packages\django\core\files\base.py first seen with mtime 1597814187.571069
File C:\Users\Developer3\.virtualenvs\accounts-JhCRIwIN\Lib\site-packages\django\contrib\staticfiles\apps.py first seen with mtime 1597814187.501256
File C:\Users\Developer3\.virtualenvs\accounts-JhCRIwIN\Lib\site-packages\django\views\debug.py first seen with mtime 1597814188.1305728
File C:\Users\Developer3\.virtualenvs\accounts-JhCRIwIN\Lib\site-packages\django\db\migrations\operations\fields.py first seen with mtime 1597814187.7904823
File C:\Users\Developer3\.virtualenvs\accounts-JhCRIwIN\Lib\site-packages\django\utils\itercompat.py first seen with mtime 1597814188.0946693
File C:\Users\Developer3\.virtualenvs\accounts-JhCRIwIN\Lib\site-packages\django\contrib\messages\__init__.py first seen with mtime 1597814186.1598434
File C:\Users\Developer3\.virtualenvs\accounts-JhCRIwIN\Lib\site-packages\django\db\migrations\migration.py first seen with mtime 1597814187.7755227
File C:\Users\Developer3\anaconda3\Lib\threading.py first seen with mtime 1589391114.0
File C:\Users\Developer3\.virtualenvs\accounts-JhCRIwIN\Lib\site-packages\django\core\mail\message.py first seen with mtime 1597814187.5940082
File C:\Users\Developer3\.virtualenvs\accounts-JhCRIwIN\Lib\site-packages\django\core\management\__init__.py first seen with mtime 1597814187.6059759
File C:\Users\Developer3\anaconda3\Lib\encodings\cp1252.py first seen with mtime 1589391114.0
File C:\Users\Developer3\.virtualenvs\accounts-JhCRIwIN\Lib\site-packages\django\core\checks\security\__init__.py first seen with mtime 1597814187.564088
File C:\Users\Developer3\anaconda3\Lib\email\contentmanager.py first seen with mtime 1589391114.0
File C:\Users\Developer3\.virtualenvs\accounts-JhCRIwIN\Lib\site-packages\django\contrib\auth\checks.py first seen with mtime 1597814184.162186
File C:\Users\Developer3\.virtualenvs\accounts-JhCRIwIN\Lib\site-packages\django\db\migrations\operations\utils.py first seen with mtime 1597814187.7954688
File C:\Users\Developer3\.virtualenvs\accounts-JhCRIwIN\Lib\site-packages\django\contrib\auth\password_validation.py first seen with mtime 1597814184.1761491
File C:\Users\Developer3\.virtualenvs\accounts-JhCRIwIN\Lib\site-packages\django\core\serializers\json.py first seen with mtime 1597814187.6658156
File C:\Users\Developer3\.virtualenvs\accounts-JhCRIwIN\Lib\site-packages\django\http\multipartparser.py first seen with mtime 1597814187.9670107
File C:\Users\Developer3\.virtualenvs\accounts-JhCRIwIN\Lib\site-packages\django\utils\http.py first seen with mtime 1597814188.0896823
File C:\Users\Developer3\anaconda3\Lib\json\scanner.py first seen with mtime 1589391114.0
File C:\Users\Developer3\.virtualenvs\accounts-JhCRIwIN\Lib\site-packages\django\contrib\sites\shortcuts.py first seen with mtime 1597814187.1711392
File C:\Users\Developer3\.virtualenvs\accounts-JhCRIwIN\Lib\site-packages\django\core\wsgi.py first seen with mtime 1597814187.5331705
File C:\Users\Developer3\anaconda3\Lib\locale.py first seen with mtime 1589391114.0
File C:\Users\Developer3\.virtualenvs\accounts-JhCRIwIN\Lib\site-packages\django\views\decorators\csrf.py first seen with mtime 1597814188.140546
File C:\Users\Developer3\.virtualenvs\accounts-JhCRIwIN\Lib\site-packages\django\contrib\admin\decorators.py first seen with mtime 1597814182.8197758
File C:\Users\Developer3\.virtualenvs\accounts-JhCRIwIN\Lib\site-packages\django\core\management\color.py first seen with mtime 1597814187.6089678
File C:\Users\Developer3\anaconda3\Lib\concurrent\futures\_base.py first seen with mtime 1589391114.0
File C:\Users\Developer3\anaconda3\Lib\asyncio\trsock.py first seen with mtime 1589391114.0
File C:\Users\Developer3\.virtualenvs\accounts-JhCRIwIN\Lib\site-packages\django\db\backends\base\base.py first seen with mtime 1597814187.6887548
File C:\Users\Developer3\anaconda3\DLLs\_lzma.pyd first seen with mtime 1593707508.0
File C:\Users\Developer3\anaconda3\Lib\concurrent\__init__.py first seen with mtime 1589391114.0
File C:\Users\Developer3\.virtualenvs\accounts-JhCRIwIN\Lib\site-packages\django\db\models\constraints.py first seen with mtime 1597814187.8044455
File C:\Users\Developer3\anaconda3\Lib\email\mime\multipart.py first seen with mtime 1589391114.0
File C:\Users\Developer3\.virtualenvs\accounts-JhCRIwIN\Lib\site-packages\sqlparse\engine\statement_splitter.py first seen with mtime 1597814181.9690504
File C:\Users\Developer3\.virtualenvs\accounts-JhCRIwIN\Lib\site-packages\django\utils\translation\trans_real.py first seen with mtime 1597814188.125587
File C:\Users\Developer3\anaconda3\Lib\collections\__init__.py first seen with mtime 1589391114.0
File C:\Users\Developer3\anaconda3\DLLs\_queue.pyd first seen with mtime 1593707482.0
File C:\Users\Developer3\.virtualenvs\accounts-JhCRIwIN\Lib\site-packages\django\dispatch\dispatcher.py first seen with mtime 1597814187.861293
File C:\Users\Developer3\anaconda3\Lib\lzma.py first seen with mtime 1589391114.0
File C:\Users\Developer3\anaconda3\Lib\statistics.py first seen with mtime 1589391114.0
File C:\Users\Developer3\.virtualenvs\accounts-JhCRIwIN\Lib\site-packages\django\core\cache\__init__.py first seen with mtime 1597814187.5341678
File C:\Users\Developer3\anaconda3\Lib\linecache.py first seen with mtime 1589391114.0
File C:\Users\Developer3\anaconda3\Lib\_markupbase.py first seen with mtime 1589391114.0
File C:\Users\Developer3\.virtualenvs\accounts-JhCRIwIN\Lib\site-packages\django\utils\dateformat.py first seen with mtime 1597814188.068739
File C:\Users\Developer3\.virtualenvs\accounts-JhCRIwIN\Lib\site-packages\django\utils\safestring.py first seen with mtime 1597814188.1046424
File C:\Users\Developer3\.virtualenvs\accounts-JhCRIwIN\Lib\site-packages\django\db\models\sql\__init__.py first seen with mtime 1597814187.8473303
File C:\Users\Developer3\anaconda3\Lib\argparse.py first seen with mtime 1589391114.0
File C:\Users\Developer3\.virtualenvs\accounts-JhCRIwIN\Lib\site-packages\django\contrib\admin\actions.py first seen with mtime 1597814182.8147898
File C:\Users\Developer3\.virtualenvs\accounts-JhCRIwIN\Lib\site-packages\django\db\backends\sqlite3\base.py first seen with mtime 1597814187.7545793
File C:\Users\Developer3\anaconda3\Lib\email\mime\text.py first seen with mtime 1589391114.0
File C:\Users\Developer3\.virtualenvs\accounts-JhCRIwIN\Lib\site-packages\django\template\response.py first seen with mtime 1597814187.9999223
File C:\Users\Developer3\.virtualenvs\accounts-JhCRIwIN\Lib\site-packages\django\core\checks\security\sessions.py first seen with mtime 1597814187.5680783
File C:\Users\Developer3\Desktop\accounts\config\config\__init__.py first seen with mtime 1597814577.3153467
File C:\Users\Developer3\.virtualenvs\accounts-JhCRIwIN\Lib\site-packages\django\contrib\admin\sites.py first seen with mtime 1597814182.8307471
File C:\Users\Developer3\anaconda3\Lib\asyncio\proactor_events.py first seen with mtime 1589391114.0
File C:\Users\Developer3\.virtualenvs\accounts-JhCRIwIN\Lib\site-packages\django\views\generic\__init__.py first seen with mtime 1597814188.14853
File C:\Users\Developer3\.virtualenvs\accounts-JhCRIwIN\Lib\site-packages\django\contrib\auth\management\__init__.py first seen with mtime 1597814184.523221
File C:\Users\Developer3\anaconda3\Lib\_collections_abc.py first seen with mtime 1589391114.0
File C:\Users\Developer3\.virtualenvs\accounts-JhCRIwIN\Lib\site-packages\django\contrib\contenttypes\forms.py first seen with mtime 1597814184.559124
File C:\Users\Developer3\anaconda3\Lib\os.py first seen with mtime 1589391114.0
File C:\Users\Developer3\anaconda3\Lib\collections\abc.py first seen with mtime 1589391114.0
File C:\Users\Developer3\anaconda3\Lib\wsgiref\handlers.py first seen with mtime 1589391114.0
File C:\Users\Developer3\anaconda3\Lib\bisect.py first seen with mtime 1589391114.0
File C:\Users\Developer3\.virtualenvs\accounts-JhCRIwIN\Lib\site-packages\django\contrib\admin\views\__init__.py first seen with mtime 1597814183.7851934
File C:\Users\Developer3\anaconda3\DLLs\_overlapped.pyd first seen with mtime 1593707482.0
File C:\Users\Developer3\.virtualenvs\accounts-JhCRIwIN\Lib\site-packages\django\db\models\utils.py first seen with mtime 1597814187.8214
File C:\Users\Developer3\anaconda3\Lib\codecs.py first seen with mtime 1589391114.0
File C:\Users\Developer3\anaconda3\Lib\email\headerregistry.py first seen with mtime 1589391114.0
File C:\Users\Developer3\anaconda3\Lib\hashlib.py first seen with mtime 1589391114.0
File C:\Users\Developer3\.virtualenvs\accounts-JhCRIwIN\Lib\site-packages\sqlparse\filters\reindent.py first seen with mtime 1597814181.9770417
File C:\Users\Developer3\.virtualenvs\accounts-JhCRIwIN\Lib\site-packages\django\utils\module_loading.py first seen with mtime 1597814188.1006532
File C:\Users\Developer3\.virtualenvs\accounts-JhCRIwIN\Lib\site-packages\django\utils\cache.py first seen with mtime 1597814188.063752
File C:\Users\Developer3\.virtualenvs\accounts-JhCRIwIN\Lib\site-packages\sqlparse\cli.py first seen with mtime 1597814181.9510987
File C:\Users\Developer3\.virtualenvs\accounts-JhCRIwIN\Lib\site-packages\django\contrib\messages\constants.py first seen with mtime 1597814186.1638334
File C:\Users\Developer3\anaconda3\Lib\concurrent\futures\thread.py first seen with mtime 1589391114.0
File C:\Users\Developer3\anaconda3\Lib\genericpath.py first seen with mtime 1589391114.0
File C:\Users\Developer3\anaconda3\Lib\traceback.py first seen with mtime 1589391114.0
File C:\Users\Developer3\anaconda3\Lib\difflib.py first seen with mtime 1589391114.0
File C:\Users\Developer3\anaconda3\Lib\email\_encoded_words.py first seen with mtime 1589391114.0
File C:\Users\Developer3\.virtualenvs\accounts-JhCRIwIN\Lib\site-packages\django\db\backends\base\creation.py first seen with mtime 1597814187.692744
File C:\Users\Developer3\.virtualenvs\accounts-JhCRIwIN\Lib\site-packages\django\utils\datetime_safe.py first seen with mtime 1597814188.072728
File C:\Users\Developer3\.virtualenvs\accounts-JhCRIwIN\Lib\site-packages\django\utils\termcolors.py first seen with mtime 1597814188.106637
File C:\Users\Developer3\anaconda3\Lib\encodings\aliases.py first seen with mtime 1589391114.0
File C:\Users\Developer3\anaconda3\Lib\operator.py first seen with mtime 1589391114.0
File C:\Users\Developer3\anaconda3\Lib\numbers.py first seen with mtime 1589391114.0
File C:\Users\Developer3\anaconda3\Lib\urllib\response.py first seen with mtime 1589391114.0
File C:\Users\Developer3\.virtualenvs\accounts-JhCRIwIN\Lib\site-packages\django\db\utils.py first seen with mtime 1597814187.6787815
File C:\Users\Developer3\anaconda3\Lib\asyncio\base_subprocess.py first seen with mtime 1589391114.0
File C:\Users\Developer3\anaconda3\DLLs\_ctypes.pyd first seen with mtime 1593707491.0
File C:\Users\Developer3\.virtualenvs\accounts-JhCRIwIN\Lib\site-packages\django\templatetags\static.py first seen with mtime 1597814188.0278478
File C:\Users\Developer3\.virtualenvs\accounts-JhCRIwIN\Lib\site-packages\django\forms\fields.py first seen with mtime 1597814187.867277
File C:\Users\Developer3\anaconda3\Lib\ctypes\_endian.py first seen with mtime 1589391114.0
File C:\Users\Developer3\.virtualenvs\accounts-JhCRIwIN\Lib\site-packages\django\contrib\contenttypes\views.py first seen with mtime 1597814184.5621161
File C:\Users\Developer3\.virtualenvs\accounts-JhCRIwIN\Lib\site-packages\django\db\backends\utils.py first seen with mtime 1597814187.6857634
File C:\Users\Developer3\.virtualenvs\accounts-JhCRIwIN\Lib\site-packages\django\db\backends\base\client.py first seen with mtime 1597814187.6907504
File C:\Users\Developer3\.virtualenvs\accounts-JhCRIwIN\Lib\site-packages\django\db\models\fields\related_descriptors.py first seen with mtime 1597814187.8323708
File C:\Users\Developer3\anaconda3\Lib\uu.py first seen with mtime 1589391114.0
File C:\Users\Developer3\.virtualenvs\accounts-JhCRIwIN\Lib\site-packages\django\contrib\staticfiles\views.py first seen with mtime 1597814187.5122268
File C:\Users\Developer3\.virtualenvs\accounts-JhCRIwIN\Lib\site-packages\django\contrib\auth\forms.py first seen with mtime 1597814184.1681695
File C:\Users\Developer3\.virtualenvs\accounts-JhCRIwIN\Lib\site-packages\django\db\backends\sqlite3\creation.py first seen with mtime 1597814187.757571
File C:\Users\Developer3\.virtualenvs\accounts-JhCRIwIN\Lib\site-packages\django\forms\utils.py first seen with mtime 1597814187.8752563
File C:\Users\Developer3\anaconda3\Lib\warnings.py first seen with mtime 1589391114.0
File C:\Users\Developer3\.virtualenvs\accounts-JhCRIwIN\Lib\site-packages\django\db\models\lookups.py first seen with mtime 1597814187.8124237
File C:\Users\Developer3\anaconda3\Lib\email\errors.py first seen with mtime 1589391114.0
File C:\Users\Developer3\anaconda3\Lib\getpass.py first seen with mtime 1589391114.0
File C:\Users\Developer3\.virtualenvs\accounts-JhCRIwIN\Lib\site-packages\django\utils\dateparse.py first seen with mtime 1597814188.069736
File C:\Users\Developer3\anaconda3\Lib\email\_parseaddr.py first seen with mtime 1589391114.0
File C:\Users\Developer3\.virtualenvs\accounts-JhCRIwIN\Lib\site-packages\django\utils\version.py first seen with mtime 1597814188.1156137
File C:\Users\Developer3\.virtualenvs\accounts-JhCRIwIN\Lib\site-packages\django\core\checks\templates.py first seen with mtime 1597814187.558104
File C:\Users\Developer3\anaconda3\Lib\_bootlocale.py first seen with mtime 1589391114.0
File C:\Users\Developer3\anaconda3\Lib\html\parser.py first seen with mtime 1589391114.0
File C:\Users\Developer3\Desktop\accounts\config\config\urls.py first seen with mtime 1597818330.6758108
File C:\Users\Developer3\.virtualenvs\accounts-JhCRIwIN\Lib\site-packages\django\contrib\admin\checks.py first seen with mtime 1597814182.8177807
File C:\Users\Developer3\.virtualenvs\accounts-JhCRIwIN\Lib\site-packages\django\db\models\fields\reverse_related.py first seen with mtime 1597814187.835363
File C:\Users\Developer3\.virtualenvs\accounts-JhCRIwIN\Lib\site-packages\django\utils\asyncio.py first seen with mtime 1597814188.0597625
File C:\Users\Developer3\anaconda3\Lib\encodings\utf_8.py first seen with mtime 1589391114.0
File C:\Users\Developer3\anaconda3\Lib\cgi.py first seen with mtime 1589391114.0
File C:\Users\Developer3\.virtualenvs\accounts-JhCRIwIN\Lib\site-packages\django\db\backends\sqlite3\client.py first seen with mtime 1597814187.755576
File C:\Users\Developer3\.virtualenvs\accounts-JhCRIwIN\Lib\site-packages\django\contrib\admin\exceptions.py first seen with mtime 1597814182.820773
File C:\Users\Developer3\.virtualenvs\accounts-JhCRIwIN\Lib\site-packages\django\contrib\auth\signals.py first seen with mtime 1597814184.1781433
File C:\Users\Developer3\.virtualenvs\accounts-JhCRIwIN\Lib\site-packages\django\core\handlers\__init__.py first seen with mtime 1597814187.5840352
File C:\Users\Developer3\anaconda3\Lib\typing.py first seen with mtime 1589391114.0
File C:\Users\Developer3\.virtualenvs\accounts-JhCRIwIN\Lib\site-packages\django\template\backends\__init__.py first seen with mtime 1597814188.0039115
File C:\Users\Developer3\.virtualenvs\accounts-JhCRIwIN\Lib\site-packages\django\core\servers\basehttp.py first seen with mtime 1597814187.673795
File C:\Users\Developer3\.virtualenvs\accounts-JhCRIwIN\Lib\site-packages\django\contrib\sessions\models.py first seen with mtime 1597814186.8101048
File C:\Users\Developer3\.virtualenvs\accounts-JhCRIwIN\Lib\site-packages\sqlparse\exceptions.py first seen with mtime 1597814181.9540908
File C:\Users\Developer3\.virtualenvs\accounts-JhCRIwIN\Lib\site-packages\django\core\exceptions.py first seen with mtime 1597814187.5251913
File C:\Users\Developer3\.virtualenvs\accounts-JhCRIwIN\Lib\site-packages\django\db\models\functions\datetime.py first seen with mtime 1597814187.8393517
File C:\Users\Developer3\.virtualenvs\accounts-JhCRIwIN\Lib\site-packages\django\core\checks\translation.py first seen with mtime 1597814187.5591016
File C:\Users\Developer3\.virtualenvs\accounts-JhCRIwIN\Lib\site-packages\django\db\models\__init__.py first seen with mtime 1597814187.7974637
File C:\Users\Developer3\.virtualenvs\accounts-JhCRIwIN\Lib\site-packages\django\utils\crypto.py first seen with mtime 1597814188.065746
File C:\Users\Developer3\.virtualenvs\accounts-JhCRIwIN\Lib\site-packages\django\templatetags\__init__.py first seen with mtime 1597814188.0208666
File C:\Users\Developer3\anaconda3\Lib\subprocess.py first seen with mtime 1589391114.0
File C:\Users\Developer3\.virtualenvs\accounts-JhCRIwIN\Lib\site-packages\django\utils\log.py first seen with mtime 1597814188.097676
File C:\Users\Developer3\anaconda3\Lib\asyncio\windows_events.py first seen with mtime 1589391114.0
File C:\Users\Developer3\.virtualenvs\accounts-JhCRIwIN\Lib\site-packages\django\template\backends\django.py first seen with mtime 1597814188.006904
File C:\Users\Developer3\.virtualenvs\accounts-JhCRIwIN\Lib\site-packages\django\utils\deconstruct.py first seen with mtime 1597814188.074722
File C:\Users\Developer3\.virtualenvs\accounts-JhCRIwIN\Lib\site-packages\django\http\cookie.py first seen with mtime 1597814187.9650164
File C:\Users\Developer3\anaconda3\Lib\urllib\__init__.py first seen with mtime 1589391114.0
File C:\Users\Developer3\.virtualenvs\accounts-JhCRIwIN\Lib\site-packages\django\core\files\utils.py first seen with mtime 1597814187.5830379
File C:\Users\Developer3\anaconda3\Lib\asyncio\base_futures.py first seen with mtime 1589391114.0
File C:\Users\Developer3\.virtualenvs\accounts-JhCRIwIN\Lib\site-packages\django\db\__init__.py first seen with mtime 1597814187.6757944
File C:\Users\Developer3\.virtualenvs\accounts-JhCRIwIN\Lib\site-packages\django\core\files\move.py first seen with mtime 1597814187.5750585
File C:\Users\Developer3\.virtualenvs\accounts-JhCRIwIN\Lib\site-packages\django\views\generic\list.py first seen with mtime 1597814188.155506
File C:\Users\Developer3\.virtualenvs\accounts-JhCRIwIN\Lib\site-packages\django\core\handlers\wsgi.py first seen with mtime 1597814187.591016
File C:\Users\Developer3\.virtualenvs\accounts-JhCRIwIN\Lib\site-packages\django\templatetags\i18n.py first seen with mtime 1597814188.0238588
File C:\Users\Developer3\.virtualenvs\accounts-JhCRIwIN\Lib\site-packages\django\db\backends\__init__.py first seen with mtime 1597814187.680776
File C:\Users\Developer3\.virtualenvs\accounts-JhCRIwIN\Lib\site-packages\django\contrib\messages\apps.py first seen with mtime 1597814186.1618385
File C:\Users\Developer3\.virtualenvs\accounts-JhCRIwIN\Lib\site-packages\django\db\models\fields\proxy.py first seen with mtime 1597814187.8293786
File C:\Users\Developer3\anaconda3\Lib\email\_policybase.py first seen with mtime 1589391114.0
File C:\Users\Developer3\anaconda3\Lib\ipaddress.py first seen with mtime 1589391114.0
File C:\Users\Developer3\.virtualenvs\accounts-JhCRIwIN\Lib\site-packages\django\core\files\storage.py first seen with mtime 1597814187.5770588
File C:\Users\Developer3\.virtualenvs\accounts-JhCRIwIN\Lib\site-packages\django\utils\tree.py first seen with mtime 1597814188.114616
File C:\Users\Developer3\anaconda3\Lib\asyncio\__init__.py first seen with mtime 1589391114.0
File C:\Users\Developer3\.virtualenvs\accounts-JhCRIwIN\Lib\site-packages\django\utils\ipv6.py first seen with mtime 1597814188.0926752
File C:\Users\Developer3\.virtualenvs\accounts-JhCRIwIN\Lib\site-packages\django\contrib\messages\api.py first seen with mtime 1597814186.160841
File C:\Users\Developer3\.virtualenvs\accounts-JhCRIwIN\Lib\site-packages\django\utils\duration.py first seen with mtime 1597814188.0787115
File C:\Users\Developer3\anaconda3\DLLs\_sqlite3.pyd first seen with mtime 1593707489.0
File C:\Users\Developer3\.virtualenvs\accounts-JhCRIwIN\Lib\site-packages\django\core\cache\backends\__init__.py first seen with mtime 1597814187.53716
File C:\Users\Developer3\.virtualenvs\accounts-JhCRIwIN\Lib\site-packages\django\db\models\fields\__init__.py first seen with mtime 1597814187.8223975
File C:\Users\Developer3\.virtualenvs\accounts-JhCRIwIN\Lib\site-packages\django\middleware\csrf.py first seen with mtime 1597814187.9769847
File C:\Users\Developer3\anaconda3\Lib\urllib\error.py first seen with mtime 1589391114.0
File C:\Users\Developer3\.virtualenvs\accounts-JhCRIwIN\Lib\site-packages\django\core\serializers\__init__.py first seen with mtime 1597814187.6628249
File C:\Users\Developer3\.virtualenvs\accounts-JhCRIwIN\Lib\site-packages\django\contrib\auth\tokens.py first seen with mtime 1597814184.1791403
File C:\Users\Developer3\.virtualenvs\accounts-JhCRIwIN\Lib\site-packages\django\contrib\contenttypes\admin.py first seen with mtime 1597814184.5531435
File C:\Users\Developer3\.virtualenvs\accounts-JhCRIwIN\Lib\site-packages\django\contrib\contenttypes\checks.py first seen with mtime 1597814184.5551353
File C:\Users\Developer3\anaconda3\Lib\token.py first seen with mtime 1589391114.0
File C:\Users\Developer3\anaconda3\DLLs\_bz2.pyd first seen with mtime 1593707492.0
File C:\Users\Developer3\.virtualenvs\accounts-JhCRIwIN\Lib\site-packages\django\views\decorators\__init__.py first seen with mtime 1597814188.1355603
File C:\Users\Developer3\.virtualenvs\accounts-JhCRIwIN\Lib\site-packages\django\contrib\staticfiles\checks.py first seen with mtime 1597814187.5022535
File C:\Users\Developer3\.virtualenvs\accounts-JhCRIwIN\Lib\site-packages\django\db\migrations\operations\models.py first seen with mtime 1597814187.7924776
File C:\Users\Developer3\anaconda3\DLLs\_socket.pyd first seen with mtime 1593707495.0
File C:\Users\Developer3\.virtualenvs\accounts-JhCRIwIN\Lib\site-packages\django\db\models\constants.py first seen with mtime 1597814187.801453
File C:\Users\Developer3\.virtualenvs\accounts-JhCRIwIN\Lib\site-packages\django\db\models\deletion.py first seen with mtime 1597814187.805443
File C:\Users\Developer3\.virtualenvs\accounts-JhCRIwIN\Lib\site-packages\django\core\checks\model_checks.py first seen with mtime 1597814187.5551116
File C:\Users\Developer3\anaconda3\Lib\importlib\util.py first seen with mtime 1589391114.0
File C:\Users\Developer3\anaconda3\Lib\mimetypes.py first seen with mtime 1589391114.0
File C:\Users\Developer3\anaconda3\Lib\html\entities.py first seen with mtime 1589391114.0
File C:\Users\Developer3\.virtualenvs\accounts-JhCRIwIN\Lib\site-packages\django\dispatch\__init__.py first seen with mtime 1597814187.8592985
File C:\Users\Developer3\.virtualenvs\accounts-JhCRIwIN\Lib\site-packages\django\views\__init__.py first seen with mtime 1597814188.1265838
File C:\Users\Developer3\anaconda3\Lib\concurrent\futures\__init__.py first seen with mtime 1589391114.0
File C:\Users\Developer3\anaconda3\Lib\struct.py first seen with mtime 1589391114.0
File C:\Users\Developer3\.virtualenvs\accounts-JhCRIwIN\Lib\site-packages\django\core\files\__init__.py first seen with mtime 1597814187.5690742
File C:\Users\Developer3\anaconda3\Lib\fractions.py first seen with mtime 1589391114.0
File C:\Users\Developer3\anaconda3\Lib\contextlib.py first seen with mtime 1589391114.0
File C:\Users\Developer3\.virtualenvs\accounts-JhCRIwIN\Lib\site-packages\django\utils\translation\reloader.py first seen with mtime 1597814188.1206
File C:\Users\Developer3\anaconda3\Lib\functools.py first seen with mtime 1589391114.0
File C:\Users\Developer3\.virtualenvs\accounts-JhCRIwIN\Lib\site-packages\sqlparse\engine\filter_stack.py first seen with mtime 1597814181.9660642
File C:\Users\Developer3\.virtualenvs\accounts-JhCRIwIN\Lib\site-packages\django\db\models\indexes.py first seen with mtime 1597814187.8114278
File C:\Users\Developer3\anaconda3\Lib\ctypes\wintypes.py first seen with mtime 1589391114.0
File C:\Users\Developer3\anaconda3\Lib\site.py first seen with mtime 1589391114.0
File C:\Users\Developer3\.virtualenvs\accounts-JhCRIwIN\Lib\site-packages\django\core\signals.py first seen with mtime 1597814187.5281842
File C:\Users\Developer3\.virtualenvs\accounts-JhCRIwIN\Lib\site-packages\django\core\files\images.py first seen with mtime 1597814187.5720663
File C:\Users\Developer3\.virtualenvs\accounts-JhCRIwIN\Lib\site-packages\django\db\models\fields\json.py first seen with mtime 1597814187.8263862
File C:\Users\Developer3\.virtualenvs\accounts-JhCRIwIN\Lib\site-packages\django\utils\topological_sort.py first seen with mtime 1597814188.1126213
File C:\Users\Developer3\.virtualenvs\accounts-JhCRIwIN\Lib\site-packages\django\contrib\auth\admin.py first seen with mtime 1597814184.1562014
File C:\Users\Developer3\anaconda3\Lib\quopri.py first seen with mtime 1589391114.0
File C:\Users\Developer3\anaconda3\Lib\string.py first seen with mtime 1589391114.0
File C:\Users\Developer3\.virtualenvs\accounts-JhCRIwIN\Lib\site-packages\django\views\i18n.py first seen with mtime 1597814188.132568
File C:\Users\Developer3\.virtualenvs\accounts-JhCRIwIN\Lib\site-packages\django\contrib\admin\widgets.py first seen with mtime 1597814182.834736
File C:\Users\Developer3\.virtualenvs\accounts-JhCRIwIN\Lib\site-packages\sqlparse\sql.py first seen with mtime 1597814181.960103
File C:\Users\Developer3\.virtualenvs\accounts-JhCRIwIN\Lib\site-packages\django\utils\hashable.py first seen with mtime 1597814188.08669
File C:\Users\Developer3\anaconda3\Lib\gettext.py first seen with mtime 1589391114.0
File C:\Users\Developer3\.virtualenvs\accounts-JhCRIwIN\Lib\site-packages\django\contrib\auth\migrations\0001_initial.py first seen with mtime 1597814184.5272098
File C:\Users\Developer3\.virtualenvs\accounts-JhCRIwIN\Lib\site-packages\django\contrib\admin\migrations\__init__.py first seen with mtime 1597814183.4720316
File C:\Users\Developer3\.virtualenvs\accounts-JhCRIwIN\Lib\site-packages\django\contrib\auth\migrations\__init__.py first seen with mtime 1597814184.5451617
File C:\Users\Developer3\.virtualenvs\accounts-JhCRIwIN\Lib\site-packages\django\contrib\auth\migrations\0006_require_contenttypes_0002.py first seen with mtime 1597814184.5351887
File C:\Users\Developer3\.virtualenvs\accounts-JhCRIwIN\Lib\site-packages\django\contrib\auth\migrations\0009_alter_user_last_name_max_length.py first seen with mtime 1597814184.5391774
File C:\Users\Developer3\.virtualenvs\accounts-JhCRIwIN\Lib\site-packages\django\db\migrations\executor.py first seen with mtime 1597814187.770536
File C:\Users\Developer3\.virtualenvs\accounts-JhCRIwIN\Lib\site-packages\django\contrib\sessions\backends\db.py first seen with mtime 1597814186.8180833
File C:\Users\Developer3\.virtualenvs\accounts-JhCRIwIN\Lib\site-packages\django\contrib\auth\migrations\0005_alter_user_last_login_null.py first seen with mtime 1597814184.5341907
File C:\Users\Developer3\.virtualenvs\accounts-JhCRIwIN\Lib\site-packages\django\db\migrations\loader.py first seen with mtime 1597814187.7745254
File C:\Users\Developer3\.virtualenvs\accounts-JhCRIwIN\Lib\site-packages\django\contrib\auth\migrations\0010_alter_group_name_max_length.py first seen with mtime 1597814184.541172
File C:\Users\Developer3\.virtualenvs\accounts-JhCRIwIN\Lib\site-packages\django\contrib\auth\migrations\0007_alter_validators_add_error_messages.py first seen with mtime 1597814184.5371835
File C:\Users\Developer3\.virtualenvs\accounts-JhCRIwIN\Lib\site-packages\django\db\migrations\graph.py first seen with mtime 1597814187.7725306
File C:\Users\Developer3\.virtualenvs\accounts-JhCRIwIN\Lib\site-packages\django\contrib\messages\middleware.py first seen with mtime 1597814186.1668248
File C:\Users\Developer3\.virtualenvs\accounts-JhCRIwIN\Lib\site-packages\django\contrib\sessions\backends\__init__.py first seen with mtime 1597814186.8120987
File C:\Users\Developer3\.virtualenvs\accounts-JhCRIwIN\Lib\site-packages\django\db\migrations\recorder.py first seen with mtime 1597814187.7795124
File C:\Users\Developer3\.virtualenvs\accounts-JhCRIwIN\Lib\site-packages\django\contrib\auth\migrations\0012_alter_user_first_name_max_length.py first seen with mtime 1597814184.5441644
File C:\Users\Developer3\.virtualenvs\accounts-JhCRIwIN\Lib\site-packages\django\contrib\admin\migrations\0001_initial.py first seen with mtime 1597814183.4680424
File C:\Users\Developer3\.virtualenvs\accounts-JhCRIwIN\Lib\site-packages\django\contrib\admin\migrations\0002_logentry_remove_auto_add.py first seen with mtime 1597814183.4690397
File C:\Users\Developer3\.virtualenvs\accounts-JhCRIwIN\Lib\site-packages\django\contrib\auth\migrations\0008_alter_user_username_max_length.py first seen with mtime 1597814184.5381799
File C:\Users\Developer3\.virtualenvs\accounts-JhCRIwIN\Lib\site-packages\django\contrib\admin\templatetags\log.py first seen with mtime 1597814183.7841964
File C:\Users\Developer3\.virtualenvs\accounts-JhCRIwIN\Lib\site-packages\django\contrib\auth\migrations\0002_alter_permission_name_max_length.py first seen with mtime 1597814184.5292168
File C:\Users\Developer3\.virtualenvs\accounts-JhCRIwIN\Lib\site-packages\django\db\models\sql\compiler.py first seen with mtime 1597814187.849326
File C:\Users\Developer3\.virtualenvs\accounts-JhCRIwIN\Lib\site-packages\django\core\cache\utils.py first seen with mtime 1597814187.5351646
File C:\Users\Developer3\.virtualenvs\accounts-JhCRIwIN\Lib\site-packages\django\contrib\admin\templatetags\admin_list.py first seen with mtime 1597814183.7762177
File C:\Users\Developer3\anaconda3\Lib\encodings\idna.py first seen with mtime 1589391114.0
File C:\Users\Developer3\.virtualenvs\accounts-JhCRIwIN\Lib\site-packages\django\contrib\contenttypes\migrations\0002_remove_content_type_name.py first seen with mtime 1597814184.9361155
File C:\Users\Developer3\.virtualenvs\accounts-JhCRIwIN\Lib\site-packages\django\contrib\sessions\migrations\0001_initial.py first seen with mtime 1597814187.1482005
File C:\Users\Developer3\.virtualenvs\accounts-JhCRIwIN\Lib\site-packages\django\contrib\admin\migrations\0003_logentry_add_action_flag_choices.py first seen with mtime 1597814183.4710345
File C:\Users\Developer3\.virtualenvs\accounts-JhCRIwIN\Lib\site-packages\django\contrib\contenttypes\migrations\0001_initial.py first seen with mtime 1597814184.935119
File C:\Users\Developer3\.virtualenvs\accounts-JhCRIwIN\Lib\site-packages\django\contrib\auth\migrations\0003_alter_user_email_max_length.py first seen with mtime 1597814184.5312002
File C:\Users\Developer3\.virtualenvs\accounts-JhCRIwIN\Lib\site-packages\django\contrib\sessions\migrations\__init__.py first seen with mtime 1597814187.1491978
File C:\Users\Developer3\.virtualenvs\accounts-JhCRIwIN\Lib\site-packages\django\middleware\clickjacking.py first seen with mtime 1597814187.9729948
File C:\Users\Developer3\.virtualenvs\accounts-JhCRIwIN\Lib\site-packages\django\contrib\contenttypes\migrations\__init__.py first seen with mtime 1597814184.9371133
File C:\Users\Developer3\.virtualenvs\accounts-JhCRIwIN\Lib\site-packages\django\views\defaults.py first seen with mtime 1597814188.1315708
File C:\Users\Developer3\.virtualenvs\accounts-JhCRIwIN\Lib\site-packages\django\contrib\auth\migrations\0011_update_proxy_permissions.py first seen with mtime 1597814184.54217
File C:\Users\Developer3\.virtualenvs\accounts-JhCRIwIN\Lib\site-packages\django\contrib\auth\middleware.py first seen with mtime 1597814184.171162
File C:\Users\Developer3\.virtualenvs\accounts-JhCRIwIN\Lib\site-packages\django\contrib\admin\views\main.py first seen with mtime 1597814183.7901807
File C:\Users\Developer3\Desktop\accounts\config\config\wsgi.py first seen with mtime 1597814577.3133519
File C:\Users\Developer3\.virtualenvs\accounts-JhCRIwIN\Lib\site-packages\django\templatetags\l10n.py first seen with mtime 1597814188.0258532
File C:\Users\Developer3\.virtualenvs\accounts-JhCRIwIN\Lib\site-packages\django\middleware\security.py first seen with mtime 1597814187.9819703
File C:\Users\Developer3\.virtualenvs\accounts-JhCRIwIN\Lib\site-packages\django\contrib\sessions\exceptions.py first seen with mtime 1597814186.8071122
File C:\Users\Developer3\.virtualenvs\accounts-JhCRIwIN\Lib\site-packages\django\contrib\admin\templatetags\admin_modify.py first seen with mtime 1597814183.7782133
File C:\Users\Developer3\.virtualenvs\accounts-JhCRIwIN\Lib\site-packages\django\conf\urls\__init__.py first seen with mtime 1597814182.8078082
File C:\Users\Developer3\.virtualenvs\accounts-JhCRIwIN\Lib\site-packages\django\templatetags\tz.py first seen with mtime 1597814188.028856
File C:\Users\Developer3\.virtualenvs\accounts-JhCRIwIN\Lib\site-packages\django\middleware\common.py first seen with mtime 1597814187.9749904
File C:\Users\Developer3\.virtualenvs\accounts-JhCRIwIN\Lib\site-packages\django\contrib\auth\backends.py first seen with mtime 1597814184.1591935
File C:\Users\Developer3\anaconda3\Lib\stringprep.py first seen with mtime 1589391114.0
File C:\Users\Developer3\.virtualenvs\accounts-JhCRIwIN\Lib\site-packages\django\contrib\sessions\middleware.py first seen with mtime 1597814186.8081098
File C:\Users\Developer3\.virtualenvs\accounts-JhCRIwIN\Lib\site-packages\django\templatetags\cache.py first seen with mtime 1597814188.0228627
File C:\Users\Developer3\.virtualenvs\accounts-JhCRIwIN\Lib\site-packages\django\contrib\sessions\backends\base.py first seen with mtime 1597814186.8140934
File C:\Users\Developer3\.virtualenvs\accounts-JhCRIwIN\Lib\site-packages\django\contrib\admin\templatetags\base.py first seen with mtime 1597814183.7822015
File C:\Users\Developer3\.virtualenvs\accounts-JhCRIwIN\Lib\site-packages\django\contrib\auth\migrations\0004_alter_user_username_opts.py first seen with mtime 1597814184.5321963
"GET / HTTP/1.1" 200 188
File C:\Users\Developer3\.virtualenvs\accounts-JhCRIwIN\Lib\site-packages\django\template\loaders\filesystem.py first seen with mtime 1597814188.0188718
File C:\Users\Developer3\.virtualenvs\accounts-JhCRIwIN\Lib\site-packages\django\contrib\messages\storage\session.py first seen with mtime 1597814186.176798
File C:\Users\Developer3\.virtualenvs\accounts-JhCRIwIN\Lib\site-packages\django\template\context_processors.py first seen with mtime 1597814187.9879549
File C:\Users\Developer3\.virtualenvs\accounts-JhCRIwIN\Lib\site-packages\django\template\loaders\app_directories.py first seen with mtime 1597814188.0138855
File C:\Users\Developer3\.virtualenvs\accounts-JhCRIwIN\Lib\site-packages\django\template\loaders\base.py first seen with mtime 1597814188.01588
File C:\Users\Developer3\.virtualenvs\accounts-JhCRIwIN\Lib\site-packages\django\contrib\messages\storage\cookie.py first seen with mtime 1597814186.1738067
File C:\Users\Developer3\.virtualenvs\accounts-JhCRIwIN\Lib\site-packages\django\contrib\messages\context_processors.py first seen with mtime 1597814186.16483
File C:\Users\Developer3\.virtualenvs\accounts-JhCRIwIN\Lib\site-packages\django\contrib\sessions\serializers.py first seen with mtime 1597814186.8111017
File C:\Users\Developer3\.virtualenvs\accounts-JhCRIwIN\Lib\site-packages\django\contrib\messages\utils.py first seen with mtime 1597814186.1678221
File C:\Users\Developer3\.virtualenvs\accounts-JhCRIwIN\Lib\site-packages\django\contrib\messages\storage\fallback.py first seen with mtime 1597814186.175801
File C:\Users\Developer3\.virtualenvs\accounts-JhCRIwIN\Lib\site-packages\django\template\loaders\__init__.py first seen with mtime 1597814188.0128927
File C:\Users\Developer3\.virtualenvs\accounts-JhCRIwIN\Lib\site-packages\django\contrib\messages\storage\base.py first seen with mtime 1597814186.172809
File C:\Users\Developer3\.virtualenvs\accounts-JhCRIwIN\Lib\site-packages\django\contrib\auth\context_processors.py first seen with mtime 1597814184.1661751
"GET /accounts/login/ HTTP/1.1" 200 658
File C:\Users\Developer3\.virtualenvs\accounts-JhCRIwIN\Lib\site-packages\django\contrib\sites\requests.py first seen with mtime 1597814187.1701415
(0.000) SELECT "auth_user"."id", "auth_user"."password", "auth_user"."last_login", "auth_user"."is_superuser", "auth_user"."username", "auth_user"."first_name", "auth_user"."last_name", "auth_user"."email", "auth_user"."is_staff", "auth_user"."is_active", "auth_user"."date_joined" FROM "auth_user" WHERE "auth_user"."username" = 'developer3' LIMIT 21; args=('developer3',)
(0.000) SELECT (1) AS "a" FROM "django_session" WHERE "django_session"."session_key" = 'wq5ciyc17tw5pkymt1a9118nt0juf574' LIMIT 1; args=('wq5ciyc17tw5pkymt1a9118nt0juf574',)
(0.000) BEGIN; args=None
(0.016) INSERT INTO "django_session" ("session_key", "session_data", "expire_date") SELECT 'wq5ciyc17tw5pkymt1a9118nt0juf574', 'e30:1kA5Oa:dUhThh3MApIp2aQvt01NcjwDye89qMN9UnnS-o8DNhs', '2020-09-07 05:51:52.269750'; args=('wq5ciyc17tw5pkymt1a9118nt0juf574', 'e30:1kA5Oa:dUhThh3MApIp2aQvt01NcjwDye89qMN9UnnS-o8DNhs', '2020-09-07 05:51:52.269750')
(0.000) UPDATE "auth_user" SET "last_login" = '2020-08-24 05:51:52.278949' WHERE "auth_user"."id" = 1; args=('2020-08-24 05:51:52.278949', 1)
(0.000) BEGIN; args=None
(0.000) UPDATE "django_session" SET "session_data" = '.eJxVjDsOwjAQBe_iGlk4ZhOHkp4zWOv94ACypTipEHeHSCmgfTPzXibiuuS4NpnjxOZsnDn8bgnpIWUDfMdyq5ZqWeYp2U2xO232Wlmel939O8jY8rdGVfHOn1CDiIKiYyQNTof-2CkM0qfO-ZG7BI6IgShIAPTAfoTgR_P-AB6jOM8:1kA5Oa:mdWlVGtx4eAn7ivXR9Atrd1jS6cNdRrP6qWNr0IgOIk', "expire_date" = '2020-09-07 05:51:52.287031' WHERE "django_session"."session_key" = 'wq5ciyc17tw5pkymt1a9118nt0juf574'; args=('.eJxVjDsOwjAQBe_iGlk4ZhOHkp4zWOv94ACypTipEHeHSCmgfTPzXibiuuS4NpnjxOZsnDn8bgnpIWUDfMdyq5ZqWeYp2U2xO232Wlmel939O8jY8rdGVfHOn1CDiIKiYyQNTof-2CkM0qfO-ZG7BI6IgShIAPTAfoTgR_P-AB6jOM8:1kA5Oa:mdWlVGtx4eAn7ivXR9Atrd1jS6cNdRrP6qWNr0IgOIk', '2020-09-07 05:51:52.287031', 'wq5ciyc17tw5pkymt1a9118nt0juf574')
"POST /accounts/login/ HTTP/1.1" 302 0
(0.000) SELECT "django_session"."session_key", "django_session"."session_data", "django_session"."expire_date" FROM "django_session" WHERE ("django_session"."expire_date" > '2020-08-24 05:51:52.300193' AND "django_session"."session_key" = 'wq5ciyc17tw5pkymt1a9118nt0juf574') LIMIT 21; args=('2020-08-24 05:51:52.300193', 'wq5ciyc17tw5pkymt1a9118nt0juf574')
(0.000) SELECT "auth_user"."id", "auth_user"."password", "auth_user"."last_login", "auth_user"."is_superuser", "auth_user"."username", "auth_user"."first_name", "auth_user"."last_name", "auth_user"."email", "auth_user"."is_staff", "auth_user"."is_active", "auth_user"."date_joined" FROM "auth_user" WHERE "auth_user"."id" = 1 LIMIT 21; args=(1,)
"GET / HTTP/1.1" 200 183
(0.000) SELECT "django_session"."session_key", "django_session"."session_data", "django_session"."expire_date" FROM "django_session" WHERE ("django_session"."expire_date" > '2020-08-24 05:51:53.557504' AND "django_session"."session_key" = 'wq5ciyc17tw5pkymt1a9118nt0juf574') LIMIT 21; args=('2020-08-24 05:51:53.557504', 'wq5ciyc17tw5pkymt1a9118nt0juf574')
(0.000) SELECT "auth_user"."id", "auth_user"."password", "auth_user"."last_login", "auth_user"."is_superuser", "auth_user"."username", "auth_user"."first_name", "auth_user"."last_name", "auth_user"."email", "auth_user"."is_staff", "auth_user"."is_active", "auth_user"."date_joined" FROM "auth_user" WHERE "auth_user"."id" = 1 LIMIT 21; args=(1,)
(0.000) SELECT "django_session"."session_key", "django_session"."session_data", "django_session"."expire_date" FROM "django_session" WHERE "django_session"."session_key" = 'wq5ciyc17tw5pkymt1a9118nt0juf574' LIMIT 21; args=('wq5ciyc17tw5pkymt1a9118nt0juf574',)
(0.016) DELETE FROM "django_session" WHERE "django_session"."session_key" IN ('wq5ciyc17tw5pkymt1a9118nt0juf574'); args=('wq5ciyc17tw5pkymt1a9118nt0juf574',)
"GET /accounts/logout/ HTTP/1.1" 302 0
"GET / HTTP/1.1" 200 188
"GET /admin/ HTTP/1.1" 302 0
"GET /admin/login/?next=/admin/ HTTP/1.1" 200 2194
File C:\Users\Developer3\.virtualenvs\accounts-JhCRIwIN\Lib\site-packages\django\conf\locale\en\__init__.py first seen with mtime 1597814182.3420782
File C:\Users\Developer3\.virtualenvs\accounts-JhCRIwIN\Lib\site-packages\django\conf\locale\en\formats.py first seen with mtime 1597814182.3440516
File C:\Users\Developer3\.virtualenvs\accounts-JhCRIwIN\Lib\site-packages\django\contrib\admin\forms.py first seen with mtime 1597814182.8237655
File C:\Users\Developer3\.virtualenvs\accounts-JhCRIwIN\Lib\site-packages\django\contrib\staticfiles\storage.py first seen with mtime 1597814187.50724
(0.000) SELECT "auth_user"."id", "auth_user"."password", "auth_user"."last_login", "auth_user"."is_superuser", "auth_user"."username", "auth_user"."first_name", "auth_user"."last_name", "auth_user"."email", "auth_user"."is_staff", "auth_user"."is_active", "auth_user"."date_joined" FROM "auth_user" WHERE "auth_user"."username" = 'developer3' LIMIT 21; args=('developer3',)
(0.000) SELECT (1) AS "a" FROM "django_session" WHERE "django_session"."session_key" = 'qf4zlsk06ae1fhktns32p4ddpb64wnm8' LIMIT 1; args=('qf4zlsk06ae1fhktns32p4ddpb64wnm8',)
(0.000) BEGIN; args=None
(0.000) INSERT INTO "django_session" ("session_key", "session_data", "expire_date") SELECT 'qf4zlsk06ae1fhktns32p4ddpb64wnm8', 'e30:1kA5RW:Qmcy689RL3RlgDMYJs6eBxRoU5MKFdFUy05kQfxLjek', '2020-09-07 05:54:54.095230'; args=('qf4zlsk06ae1fhktns32p4ddpb64wnm8', 'e30:1kA5RW:Qmcy689RL3RlgDMYJs6eBxRoU5MKFdFUy05kQfxLjek', '2020-09-07 05:54:54.095230')
(0.000) UPDATE "auth_user" SET "last_login" = '2020-08-24 05:54:54.103209' WHERE "auth_user"."id" = 1; args=('2020-08-24 05:54:54.103209', 1)
(0.000) BEGIN; args=None
(0.000) UPDATE "django_session" SET "session_data" = '.eJxVjDsOwjAQBe_iGlk4ZhOHkp4zWOv94ACypTipEHeHSCmgfTPzXibiuuS4NpnjxOZsnDn8bgnpIWUDfMdyq5ZqWeYp2U2xO232Wlmel939O8jY8rdGVfHOn1CDiIKiYyQNTof-2CkM0qfO-ZG7BI6IgShIAPTAfoTgR_P-AB6jOM8:1kA5RW:0jluHmdB8WEtrIABIWJ-pCNenpnDOiugjgmgsleLYZg', "expire_date" = '2020-09-07 05:54:54.112290' WHERE "django_session"."session_key" = 'qf4zlsk06ae1fhktns32p4ddpb64wnm8'; args=('.eJxVjDsOwjAQBe_iGlk4ZhOHkp4zWOv94ACypTipEHeHSCmgfTPzXibiuuS4NpnjxOZsnDn8bgnpIWUDfMdyq5ZqWeYp2U2xO232Wlmel939O8jY8rdGVfHOn1CDiIKiYyQNTof-2CkM0qfO-ZG7BI6IgShIAPTAfoTgR_P-AB6jOM8:1kA5RW:0jluHmdB8WEtrIABIWJ-pCNenpnDOiugjgmgsleLYZg', '2020-09-07 05:54:54.112290', 'qf4zlsk06ae1fhktns32p4ddpb64wnm8')
"POST /admin/login/?next=/admin/ HTTP/1.1" 302 0
(0.000) SELECT "django_session"."session_key", "django_session"."session_data", "django_session"."expire_date" FROM "django_session" WHERE ("django_session"."expire_date" > '2020-08-24 05:54:54.124177' AND "django_session"."session_key" = 'qf4zlsk06ae1fhktns32p4ddpb64wnm8') LIMIT 21; args=('2020-08-24 05:54:54.124177', 'qf4zlsk06ae1fhktns32p4ddpb64wnm8')
(0.000) SELECT "auth_user"."id", "auth_user"."password", "auth_user"."last_login", "auth_user"."is_superuser", "auth_user"."username", "auth_user"."first_name", "auth_user"."last_name", "auth_user"."email", "auth_user"."is_staff", "auth_user"."is_active", "auth_user"."date_joined" FROM "auth_user" WHERE "auth_user"."id" = 1 LIMIT 21; args=(1,)
(0.000) SELECT "django_admin_log"."id", "django_admin_log"."action_time", "django_admin_log"."user_id", "django_admin_log"."content_type_id", "django_admin_log"."object_id", "django_admin_log"."object_repr", "django_admin_log"."action_flag", "django_admin_log"."change_message", "auth_user"."id", "auth_user"."password", "auth_user"."last_login", "auth_user"."is_superuser", "auth_user"."username", "auth_user"."first_name", "auth_user"."last_name", "auth_user"."email", "auth_user"."is_staff", "auth_user"."is_active", "auth_user"."date_joined", "django_content_type"."id", "django_content_type"."app_label", "django_content_type"."model" FROM "django_admin_log" INNER JOIN "auth_user" ON ("django_admin_log"."user_id" = "auth_user"."id") LEFT OUTER JOIN "django_content_type" ON ("django_admin_log"."content_type_id" = "django_content_type"."id") WHERE "django_admin_log"."user_id" = 1 ORDER BY "django_admin_log"."action_time" DESC LIMIT 10; args=(1,)
"GET /admin/ HTTP/1.1" 200 3311
"GET /static/admin/css/dashboard.css HTTP/1.1" 200 380
"GET /static/admin/img/icon-addlink.svg HTTP/1.1" 200 331
"GET /static/admin/img/icon-changelink.svg HTTP/1.1" 200 380
"GET /static/admin/fonts/Roboto-Bold-webfont.woff HTTP/1.1" 200 86184
(0.000) SELECT "django_session"."session_key", "django_session"."session_data", "django_session"."expire_date" FROM "django_session" WHERE ("django_session"."expire_date" > '2020-08-24 05:54:57.549743' AND "django_session"."session_key" = 'qf4zlsk06ae1fhktns32p4ddpb64wnm8') LIMIT 21; args=('2020-08-24 05:54:57.549743', 'qf4zlsk06ae1fhktns32p4ddpb64wnm8')
(0.000) SELECT "auth_user"."id", "auth_user"."password", "auth_user"."last_login", "auth_user"."is_superuser", "auth_user"."username", "auth_user"."first_name", "auth_user"."last_name", "auth_user"."email", "auth_user"."is_staff", "auth_user"."is_active", "auth_user"."date_joined" FROM "auth_user" WHERE "auth_user"."id" = 1 LIMIT 21; args=(1,)
(0.000) BEGIN; args=None
(0.000) SELECT "django_content_type"."id", "django_content_type"."app_label", "django_content_type"."model" FROM "django_content_type" WHERE ("django_content_type"."app_label" = 'auth' AND "django_content_type"."model" = 'group') LIMIT 21; args=('auth', 'group')
Exception while resolving variable 'show_changelinks' in template 'admin/change_form.html'.
Traceback (most recent call last):
  File "C:\Users\Developer3\.virtualenvs\accounts-JhCRIwIN\lib\site-packages\django\template\base.py", line 829, in _resolve_lookup
    current = current[bit]
  File "C:\Users\Developer3\.virtualenvs\accounts-JhCRIwIN\lib\site-packages\django\template\context.py", line 83, in __getitem__
    raise KeyError(key)
KeyError: 'show_changelinks'

During handling of the above exception, another exception occurred:

Traceback (most recent call last):
  File "C:\Users\Developer3\.virtualenvs\accounts-JhCRIwIN\lib\site-packages\django\template\base.py", line 835, in _resolve_lookup
    if isinstance(current, BaseContext) and getattr(type(current), bit):
AttributeError: type object 'RequestContext' has no attribute 'show_changelinks'

During handling of the above exception, another exception occurred:

Traceback (most recent call last):
  File "C:\Users\Developer3\.virtualenvs\accounts-JhCRIwIN\lib\site-packages\django\template\base.py", line 843, in _resolve_lookup
    current = current[int(bit)]
ValueError: invalid literal for int() with base 10: 'show_changelinks'

During handling of the above exception, another exception occurred:

Traceback (most recent call last):
  File "C:\Users\Developer3\.virtualenvs\accounts-JhCRIwIN\lib\site-packages\django\template\base.py", line 848, in _resolve_lookup
    raise VariableDoesNotExist("Failed lookup for key "
django.template.base.VariableDoesNotExist: Failed lookup for key [show_changelinks] in [{'True': True, 'False': False, 'None': None}, {'csrf_token': <SimpleLazyObject: <function csrf.<locals>._get_val at 0x0000017866044040>>, 'request': <WSGIRequest: GET '/admin/auth/group/add/'>, 'user': <SimpleLazyObject: <User: developer3>>, 'perms': <django.contrib.auth.context_processors.PermWrapper object at 0x00000178660DF0A0>, 'messages': <django.contrib.messages.storage.fallback.FallbackStorage object at 0x0000017866007670>, 'DEFAULT_MESSAGE_LEVELS': {'DEBUG': 10, 'INFO': 20, 'SUCCESS': 25, 'WARNING': 30, 'ERROR': 40}}, {}, {'site_title': 'Django site admin', 'site_header': 'Django administration', 'site_url': '/', 'has_permission': True, 'available_apps': [{'name': 'Authentication and Authorization', 'app_label': 'auth', 'app_url': '/admin/auth/', 'has_module_perms': True, 'models': [{'name': 'Groups', 'object_name': 'Group', 'perms': {'add': True, 'change': True, 'delete': True, 'view': True}, 'admin_url': '/admin/auth/group/', 'add_url': '/admin/auth/group/add/', 'view_only': False}, {'name': 'Users', 'object_name': 'User', 'perms': {'add': True, 'change': True, 'delete': True, 'view': True}, 'admin_url': '/admin/auth/user/', 'add_url': '/admin/auth/user/add/', 'view_only': False}]}], 'is_popup': False, 'is_nav_sidebar_enabled': True, 'title': 'Add group', 'adminform': <django.contrib.admin.helpers.AdminForm object at 0x0000017865FC1B50>, 'object_id': None, 'original': None, 'to_field': None, 'media': Media(css={}, js=['admin/js/vendor/jquery/jquery.js', 'admin/js/jquery.init.js', 'admin/js/core.js', 'admin/js/admin/RelatedObjectLookups.js', 'admin/js/SelectBox.js', 'admin/js/actions.js', 'admin/js/SelectFilter2.js', 'admin/js/urlify.js', 'admin/js/prepopulate.js', 'admin/js/vendor/xregexp/xregexp.js']), 'inline_admin_formsets': [], 'errors': [], 'preserved_filters': '', 'add': True, 'change': False, 'has_view_permission': True, 'has_add_permission': True, 'has_change_permission': True, 'has_delete_permission': True, 'has_editable_inline_admin_formsets': False, 'has_file_field': False, 'has_absolute_url': False, 'absolute_url': None, 'form_url': '', 'opts': <Options for Group>, 'content_type_id': 3, 'save_as': False, 'save_on_top': False, 'to_field_var': '_to_field', 'is_popup_var': '_popup', 'app_label': 'auth', 'LANGUAGE_CODE': 'en-us', 'LANGUAGE_BIDI': False}, {'block': <Block Node: nav-sidebar. Contents: [<TextNode: '\n          '>, <django.template.loader_tags.IncludeNode object at 0x0000017865F93430>, <TextNode: '\n        '>]>}, {}, {'app_list': [{'name': 'Authentication and Authorization', 'app_label': 'auth', 'app_url': '/admin/auth/', 'has_module_perms': True, 'models': [{'name': 'Groups', 'object_name': 'Group', 'perms': {'add': True, 'change': True, 'delete': True, 'view': True}, 'admin_url': '/admin/auth/group/', 'add_url': '/admin/auth/group/add/', 'view_only': False}, {'name': 'Users', 'object_name': 'User', 'perms': {'add': True, 'change': True, 'delete': True, 'view': True}, 'admin_url': '/admin/auth/user/', 'add_url': '/admin/auth/user/add/', 'view_only': False}]}]}, {'forloop': {'parentloop': {}, 'counter0': 0, 'counter': 1, 'revcounter': 1, 'revcounter0': 0, 'first': True, 'last': True}, 'app': {'name': 'Authentication and Authorization', 'app_label': 'auth', 'app_url': '/admin/auth/', 'has_module_perms': True, 'models': [{'name': 'Groups', 'object_name': 'Group', 'perms': {'add': True, 'change': True, 'delete': True, 'view': True}, 'admin_url': '/admin/auth/group/', 'add_url': '/admin/auth/group/add/', 'view_only': False}, {'name': 'Users', 'object_name': 'User', 'perms': {'add': True, 'change': True, 'delete': True, 'view': True}, 'admin_url': '/admin/auth/user/', 'add_url': '/admin/auth/user/add/', 'view_only': False}]}}, {'forloop': {'parentloop': {'parentloop': {}, 'counter0': 0, 'counter': 1, 'revcounter': 1, 'revcounter0': 0, 'first': True, 'last': True}, 'counter0': 0, 'counter': 1, 'revcounter': 2, 'revcounter0': 1, 'first': True, 'last': False}, 'model': {'name': 'Groups', 'object_name': 'Group', 'perms': {'add': True, 'change': True, 'delete': True, 'view': True}, 'admin_url': '/admin/auth/group/', 'add_url': '/admin/auth/group/add/', 'view_only': False}}]
Exception while resolving variable 'show_changelinks' in template 'admin/change_form.html'.
Traceback (most recent call last):
  File "C:\Users\Developer3\.virtualenvs\accounts-JhCRIwIN\lib\site-packages\django\template\base.py", line 829, in _resolve_lookup
    current = current[bit]
  File "C:\Users\Developer3\.virtualenvs\accounts-JhCRIwIN\lib\site-packages\django\template\context.py", line 83, in __getitem__
    raise KeyError(key)
KeyError: 'show_changelinks'

During handling of the above exception, another exception occurred:

Traceback (most recent call last):
  File "C:\Users\Developer3\.virtualenvs\accounts-JhCRIwIN\lib\site-packages\django\template\base.py", line 835, in _resolve_lookup
    if isinstance(current, BaseContext) and getattr(type(current), bit):
AttributeError: type object 'RequestContext' has no attribute 'show_changelinks'

During handling of the above exception, another exception occurred:

Traceback (most recent call last):
  File "C:\Users\Developer3\.virtualenvs\accounts-JhCRIwIN\lib\site-packages\django\template\base.py", line 843, in _resolve_lookup
    current = current[int(bit)]
ValueError: invalid literal for int() with base 10: 'show_changelinks'

During handling of the above exception, another exception occurred:

Traceback (most recent call last):
  File "C:\Users\Developer3\.virtualenvs\accounts-JhCRIwIN\lib\site-packages\django\template\base.py", line 848, in _resolve_lookup
    raise VariableDoesNotExist("Failed lookup for key "
django.template.base.VariableDoesNotExist: Failed lookup for key [show_changelinks] in [{'True': True, 'False': False, 'None': None}, {'csrf_token': <SimpleLazyObject: <function csrf.<locals>._get_val at 0x0000017866044040>>, 'request': <WSGIRequest: GET '/admin/auth/group/add/'>, 'user': <SimpleLazyObject: <User: developer3>>, 'perms': <django.contrib.auth.context_processors.PermWrapper object at 0x00000178660DF0A0>, 'messages': <django.contrib.messages.storage.fallback.FallbackStorage object at 0x0000017866007670>, 'DEFAULT_MESSAGE_LEVELS': {'DEBUG': 10, 'INFO': 20, 'SUCCESS': 25, 'WARNING': 30, 'ERROR': 40}}, {}, {'site_title': 'Django site admin', 'site_header': 'Django administration', 'site_url': '/', 'has_permission': True, 'available_apps': [{'name': 'Authentication and Authorization', 'app_label': 'auth', 'app_url': '/admin/auth/', 'has_module_perms': True, 'models': [{'name': 'Groups', 'object_name': 'Group', 'perms': {'add': True, 'change': True, 'delete': True, 'view': True}, 'admin_url': '/admin/auth/group/', 'add_url': '/admin/auth/group/add/', 'view_only': False}, {'name': 'Users', 'object_name': 'User', 'perms': {'add': True, 'change': True, 'delete': True, 'view': True}, 'admin_url': '/admin/auth/user/', 'add_url': '/admin/auth/user/add/', 'view_only': False}]}], 'is_popup': False, 'is_nav_sidebar_enabled': True, 'title': 'Add group', 'adminform': <django.contrib.admin.helpers.AdminForm object at 0x0000017865FC1B50>, 'object_id': None, 'original': None, 'to_field': None, 'media': Media(css={}, js=['admin/js/vendor/jquery/jquery.js', 'admin/js/jquery.init.js', 'admin/js/core.js', 'admin/js/admin/RelatedObjectLookups.js', 'admin/js/SelectBox.js', 'admin/js/actions.js', 'admin/js/SelectFilter2.js', 'admin/js/urlify.js', 'admin/js/prepopulate.js', 'admin/js/vendor/xregexp/xregexp.js']), 'inline_admin_formsets': [], 'errors': [], 'preserved_filters': '', 'add': True, 'change': False, 'has_view_permission': True, 'has_add_permission': True, 'has_change_permission': True, 'has_delete_permission': True, 'has_editable_inline_admin_formsets': False, 'has_file_field': False, 'has_absolute_url': False, 'absolute_url': None, 'form_url': '', 'opts': <Options for Group>, 'content_type_id': 3, 'save_as': False, 'save_on_top': False, 'to_field_var': '_to_field', 'is_popup_var': '_popup', 'app_label': 'auth', 'LANGUAGE_CODE': 'en-us', 'LANGUAGE_BIDI': False}, {'block': <Block Node: nav-sidebar. Contents: [<TextNode: '\n          '>, <django.template.loader_tags.IncludeNode object at 0x0000017865F93430>, <TextNode: '\n        '>]>}, {}, {'app_list': [{'name': 'Authentication and Authorization', 'app_label': 'auth', 'app_url': '/admin/auth/', 'has_module_perms': True, 'models': [{'name': 'Groups', 'object_name': 'Group', 'perms': {'add': True, 'change': True, 'delete': True, 'view': True}, 'admin_url': '/admin/auth/group/', 'add_url': '/admin/auth/group/add/', 'view_only': False}, {'name': 'Users', 'object_name': 'User', 'perms': {'add': True, 'change': True, 'delete': True, 'view': True}, 'admin_url': '/admin/auth/user/', 'add_url': '/admin/auth/user/add/', 'view_only': False}]}]}, {'forloop': {'parentloop': {}, 'counter0': 0, 'counter': 1, 'revcounter': 1, 'revcounter0': 0, 'first': True, 'last': True}, 'app': {'name': 'Authentication and Authorization', 'app_label': 'auth', 'app_url': '/admin/auth/', 'has_module_perms': True, 'models': [{'name': 'Groups', 'object_name': 'Group', 'perms': {'add': True, 'change': True, 'delete': True, 'view': True}, 'admin_url': '/admin/auth/group/', 'add_url': '/admin/auth/group/add/', 'view_only': False}, {'name': 'Users', 'object_name': 'User', 'perms': {'add': True, 'change': True, 'delete': True, 'view': True}, 'admin_url': '/admin/auth/user/', 'add_url': '/admin/auth/user/add/', 'view_only': False}]}}, {'forloop': {'parentloop': {'parentloop': {}, 'counter0': 0, 'counter': 1, 'revcounter': 1, 'revcounter0': 0, 'first': True, 'last': True}, 'counter0': 0, 'counter': 1, 'revcounter': 2, 'revcounter0': 1, 'first': True, 'last': False}, 'model': {'name': 'Groups', 'object_name': 'Group', 'perms': {'add': True, 'change': True, 'delete': True, 'view': True}, 'admin_url': '/admin/auth/group/', 'add_url': '/admin/auth/group/add/', 'view_only': False}}]
Exception while resolving variable 'show_changelinks' in template 'admin/change_form.html'.
Traceback (most recent call last):
  File "C:\Users\Developer3\.virtualenvs\accounts-JhCRIwIN\lib\site-packages\django\template\base.py", line 829, in _resolve_lookup
    current = current[bit]
  File "C:\Users\Developer3\.virtualenvs\accounts-JhCRIwIN\lib\site-packages\django\template\context.py", line 83, in __getitem__
    raise KeyError(key)
KeyError: 'show_changelinks'

During handling of the above exception, another exception occurred:

Traceback (most recent call last):
  File "C:\Users\Developer3\.virtualenvs\accounts-JhCRIwIN\lib\site-packages\django\template\base.py", line 835, in _resolve_lookup
    if isinstance(current, BaseContext) and getattr(type(current), bit):
AttributeError: type object 'RequestContext' has no attribute 'show_changelinks'

During handling of the above exception, another exception occurred:

Traceback (most recent call last):
  File "C:\Users\Developer3\.virtualenvs\accounts-JhCRIwIN\lib\site-packages\django\template\base.py", line 843, in _resolve_lookup
    current = current[int(bit)]
ValueError: invalid literal for int() with base 10: 'show_changelinks'

During handling of the above exception, another exception occurred:

Traceback (most recent call last):
  File "C:\Users\Developer3\.virtualenvs\accounts-JhCRIwIN\lib\site-packages\django\template\base.py", line 848, in _resolve_lookup
    raise VariableDoesNotExist("Failed lookup for key "
django.template.base.VariableDoesNotExist: Failed lookup for key [show_changelinks] in [{'True': True, 'False': False, 'None': None}, {'csrf_token': <SimpleLazyObject: <function csrf.<locals>._get_val at 0x0000017866044040>>, 'request': <WSGIRequest: GET '/admin/auth/group/add/'>, 'user': <SimpleLazyObject: <User: developer3>>, 'perms': <django.contrib.auth.context_processors.PermWrapper object at 0x00000178660DF0A0>, 'messages': <django.contrib.messages.storage.fallback.FallbackStorage object at 0x0000017866007670>, 'DEFAULT_MESSAGE_LEVELS': {'DEBUG': 10, 'INFO': 20, 'SUCCESS': 25, 'WARNING': 30, 'ERROR': 40}}, {}, {'site_title': 'Django site admin', 'site_header': 'Django administration', 'site_url': '/', 'has_permission': True, 'available_apps': [{'name': 'Authentication and Authorization', 'app_label': 'auth', 'app_url': '/admin/auth/', 'has_module_perms': True, 'models': [{'name': 'Groups', 'object_name': 'Group', 'perms': {'add': True, 'change': True, 'delete': True, 'view': True}, 'admin_url': '/admin/auth/group/', 'add_url': '/admin/auth/group/add/', 'view_only': False}, {'name': 'Users', 'object_name': 'User', 'perms': {'add': True, 'change': True, 'delete': True, 'view': True}, 'admin_url': '/admin/auth/user/', 'add_url': '/admin/auth/user/add/', 'view_only': False}]}], 'is_popup': False, 'is_nav_sidebar_enabled': True, 'title': 'Add group', 'adminform': <django.contrib.admin.helpers.AdminForm object at 0x0000017865FC1B50>, 'object_id': None, 'original': None, 'to_field': None, 'media': Media(css={}, js=['admin/js/vendor/jquery/jquery.js', 'admin/js/jquery.init.js', 'admin/js/core.js', 'admin/js/admin/RelatedObjectLookups.js', 'admin/js/SelectBox.js', 'admin/js/actions.js', 'admin/js/SelectFilter2.js', 'admin/js/urlify.js', 'admin/js/prepopulate.js', 'admin/js/vendor/xregexp/xregexp.js']), 'inline_admin_formsets': [], 'errors': [], 'preserved_filters': '', 'add': True, 'change': False, 'has_view_permission': True, 'has_add_permission': True, 'has_change_permission': True, 'has_delete_permission': True, 'has_editable_inline_admin_formsets': False, 'has_file_field': False, 'has_absolute_url': False, 'absolute_url': None, 'form_url': '', 'opts': <Options for Group>, 'content_type_id': 3, 'save_as': False, 'save_on_top': False, 'to_field_var': '_to_field', 'is_popup_var': '_popup', 'app_label': 'auth', 'LANGUAGE_CODE': 'en-us', 'LANGUAGE_BIDI': False}, {'block': <Block Node: nav-sidebar. Contents: [<TextNode: '\n          '>, <django.template.loader_tags.IncludeNode object at 0x0000017865F93430>, <TextNode: '\n        '>]>}, {}, {'app_list': [{'name': 'Authentication and Authorization', 'app_label': 'auth', 'app_url': '/admin/auth/', 'has_module_perms': True, 'models': [{'name': 'Groups', 'object_name': 'Group', 'perms': {'add': True, 'change': True, 'delete': True, 'view': True}, 'admin_url': '/admin/auth/group/', 'add_url': '/admin/auth/group/add/', 'view_only': False}, {'name': 'Users', 'object_name': 'User', 'perms': {'add': True, 'change': True, 'delete': True, 'view': True}, 'admin_url': '/admin/auth/user/', 'add_url': '/admin/auth/user/add/', 'view_only': False}]}]}, {'forloop': {'parentloop': {}, 'counter0': 0, 'counter': 1, 'revcounter': 1, 'revcounter0': 0, 'first': True, 'last': True}, 'app': {'name': 'Authentication and Authorization', 'app_label': 'auth', 'app_url': '/admin/auth/', 'has_module_perms': True, 'models': [{'name': 'Groups', 'object_name': 'Group', 'perms': {'add': True, 'change': True, 'delete': True, 'view': True}, 'admin_url': '/admin/auth/group/', 'add_url': '/admin/auth/group/add/', 'view_only': False}, {'name': 'Users', 'object_name': 'User', 'perms': {'add': True, 'change': True, 'delete': True, 'view': True}, 'admin_url': '/admin/auth/user/', 'add_url': '/admin/auth/user/add/', 'view_only': False}]}}, {'forloop': {'parentloop': {'parentloop': {}, 'counter0': 0, 'counter': 1, 'revcounter': 1, 'revcounter0': 0, 'first': True, 'last': True}, 'counter0': 1, 'counter': 2, 'revcounter': 1, 'revcounter0': 0, 'first': False, 'last': True}, 'model': {'name': 'Users', 'object_name': 'User', 'perms': {'add': True, 'change': True, 'delete': True, 'view': True}, 'admin_url': '/admin/auth/user/', 'add_url': '/admin/auth/user/add/', 'view_only': False}}]
Exception while resolving variable 'show_changelinks' in template 'admin/change_form.html'.
Traceback (most recent call last):
  File "C:\Users\Developer3\.virtualenvs\accounts-JhCRIwIN\lib\site-packages\django\template\base.py", line 829, in _resolve_lookup
    current = current[bit]
  File "C:\Users\Developer3\.virtualenvs\accounts-JhCRIwIN\lib\site-packages\django\template\context.py", line 83, in __getitem__
    raise KeyError(key)
KeyError: 'show_changelinks'

During handling of the above exception, another exception occurred:

Traceback (most recent call last):
  File "C:\Users\Developer3\.virtualenvs\accounts-JhCRIwIN\lib\site-packages\django\template\base.py", line 835, in _resolve_lookup
    if isinstance(current, BaseContext) and getattr(type(current), bit):
AttributeError: type object 'RequestContext' has no attribute 'show_changelinks'

During handling of the above exception, another exception occurred:

Traceback (most recent call last):
  File "C:\Users\Developer3\.virtualenvs\accounts-JhCRIwIN\lib\site-packages\django\template\base.py", line 843, in _resolve_lookup
    current = current[int(bit)]
ValueError: invalid literal for int() with base 10: 'show_changelinks'

During handling of the above exception, another exception occurred:

Traceback (most recent call last):
  File "C:\Users\Developer3\.virtualenvs\accounts-JhCRIwIN\lib\site-packages\django\template\base.py", line 848, in _resolve_lookup
    raise VariableDoesNotExist("Failed lookup for key "
django.template.base.VariableDoesNotExist: Failed lookup for key [show_changelinks] in [{'True': True, 'False': False, 'None': None}, {'csrf_token': <SimpleLazyObject: <function csrf.<locals>._get_val at 0x0000017866044040>>, 'request': <WSGIRequest: GET '/admin/auth/group/add/'>, 'user': <SimpleLazyObject: <User: developer3>>, 'perms': <django.contrib.auth.context_processors.PermWrapper object at 0x00000178660DF0A0>, 'messages': <django.contrib.messages.storage.fallback.FallbackStorage object at 0x0000017866007670>, 'DEFAULT_MESSAGE_LEVELS': {'DEBUG': 10, 'INFO': 20, 'SUCCESS': 25, 'WARNING': 30, 'ERROR': 40}}, {}, {'site_title': 'Django site admin', 'site_header': 'Django administration', 'site_url': '/', 'has_permission': True, 'available_apps': [{'name': 'Authentication and Authorization', 'app_label': 'auth', 'app_url': '/admin/auth/', 'has_module_perms': True, 'models': [{'name': 'Groups', 'object_name': 'Group', 'perms': {'add': True, 'change': True, 'delete': True, 'view': True}, 'admin_url': '/admin/auth/group/', 'add_url': '/admin/auth/group/add/', 'view_only': False}, {'name': 'Users', 'object_name': 'User', 'perms': {'add': True, 'change': True, 'delete': True, 'view': True}, 'admin_url': '/admin/auth/user/', 'add_url': '/admin/auth/user/add/', 'view_only': False}]}], 'is_popup': False, 'is_nav_sidebar_enabled': True, 'title': 'Add group', 'adminform': <django.contrib.admin.helpers.AdminForm object at 0x0000017865FC1B50>, 'object_id': None, 'original': None, 'to_field': None, 'media': Media(css={}, js=['admin/js/vendor/jquery/jquery.js', 'admin/js/jquery.init.js', 'admin/js/core.js', 'admin/js/admin/RelatedObjectLookups.js', 'admin/js/SelectBox.js', 'admin/js/actions.js', 'admin/js/SelectFilter2.js', 'admin/js/urlify.js', 'admin/js/prepopulate.js', 'admin/js/vendor/xregexp/xregexp.js']), 'inline_admin_formsets': [], 'errors': [], 'preserved_filters': '', 'add': True, 'change': False, 'has_view_permission': True, 'has_add_permission': True, 'has_change_permission': True, 'has_delete_permission': True, 'has_editable_inline_admin_formsets': False, 'has_file_field': False, 'has_absolute_url': False, 'absolute_url': None, 'form_url': '', 'opts': <Options for Group>, 'content_type_id': 3, 'save_as': False, 'save_on_top': False, 'to_field_var': '_to_field', 'is_popup_var': '_popup', 'app_label': 'auth', 'LANGUAGE_CODE': 'en-us', 'LANGUAGE_BIDI': False}, {'block': <Block Node: nav-sidebar. Contents: [<TextNode: '\n          '>, <django.template.loader_tags.IncludeNode object at 0x0000017865F93430>, <TextNode: '\n        '>]>}, {}, {'app_list': [{'name': 'Authentication and Authorization', 'app_label': 'auth', 'app_url': '/admin/auth/', 'has_module_perms': True, 'models': [{'name': 'Groups', 'object_name': 'Group', 'perms': {'add': True, 'change': True, 'delete': True, 'view': True}, 'admin_url': '/admin/auth/group/', 'add_url': '/admin/auth/group/add/', 'view_only': False}, {'name': 'Users', 'object_name': 'User', 'perms': {'add': True, 'change': True, 'delete': True, 'view': True}, 'admin_url': '/admin/auth/user/', 'add_url': '/admin/auth/user/add/', 'view_only': False}]}]}, {'forloop': {'parentloop': {}, 'counter0': 0, 'counter': 1, 'revcounter': 1, 'revcounter0': 0, 'first': True, 'last': True}, 'app': {'name': 'Authentication and Authorization', 'app_label': 'auth', 'app_url': '/admin/auth/', 'has_module_perms': True, 'models': [{'name': 'Groups', 'object_name': 'Group', 'perms': {'add': True, 'change': True, 'delete': True, 'view': True}, 'admin_url': '/admin/auth/group/', 'add_url': '/admin/auth/group/add/', 'view_only': False}, {'name': 'Users', 'object_name': 'User', 'perms': {'add': True, 'change': True, 'delete': True, 'view': True}, 'admin_url': '/admin/auth/user/', 'add_url': '/admin/auth/user/add/', 'view_only': False}]}}, {'forloop': {'parentloop': {'parentloop': {}, 'counter0': 0, 'counter': 1, 'revcounter': 1, 'revcounter0': 0, 'first': True, 'last': True}, 'counter0': 1, 'counter': 2, 'revcounter': 1, 'revcounter0': 0, 'first': False, 'last': True}, 'model': {'name': 'Users', 'object_name': 'User', 'perms': {'add': True, 'change': True, 'delete': True, 'view': True}, 'admin_url': '/admin/auth/user/', 'add_url': '/admin/auth/user/add/', 'view_only': False}}]
(0.000) SELECT "auth_permission"."id", "auth_permission"."name", "auth_permission"."content_type_id", "auth_permission"."codename", "django_content_type"."id", "django_content_type"."app_label", "django_content_type"."model" FROM "auth_permission" INNER JOIN "django_content_type" ON ("auth_permission"."content_type_id" = "django_content_type"."id") ORDER BY "django_content_type"."app_label" ASC, "django_content_type"."model" ASC, "auth_permission"."codename" ASC; args=()
"GET /admin/auth/group/add/ HTTP/1.1" 200 7603
(0.000) SELECT "django_session"."session_key", "django_session"."session_data", "django_session"."expire_date" FROM "django_session" WHERE ("django_session"."expire_date" > '2020-08-24 05:54:57.690798' AND "django_session"."session_key" = 'qf4zlsk06ae1fhktns32p4ddpb64wnm8') LIMIT 21; args=('2020-08-24 05:54:57.690798', 'qf4zlsk06ae1fhktns32p4ddpb64wnm8')
(0.000) SELECT "auth_user"."id", "auth_user"."password", "auth_user"."last_login", "auth_user"."is_superuser", "auth_user"."username", "auth_user"."first_name", "auth_user"."last_name", "auth_user"."email", "auth_user"."is_staff", "auth_user"."is_active", "auth_user"."date_joined" FROM "auth_user" WHERE "auth_user"."id" = 1 LIMIT 21; args=(1,)
"GET /static/admin/js/jquery.init.js HTTP/1.1" 200 347
"GET /static/admin/css/forms.css HTTP/1.1" 200 8399
"GET /static/admin/js/core.js HTTP/1.1" 200 5418
"GET /admin/jsi18n/ HTTP/1.1" 200 3187
"GET /static/admin/js/admin/RelatedObjectLookups.js HTTP/1.1" 200 6078
"GET /static/admin/js/vendor/jquery/jquery.js HTTP/1.1" 200 287630
"GET /static/admin/js/SelectBox.js HTTP/1.1" 200 4257
"GET /static/admin/js/actions.js HTTP/1.1" 200 6783
"GET /static/admin/js/SelectFilter2.js HTTP/1.1" 200 12350
"GET /static/admin/js/urlify.js HTTP/1.1" 200 8632
"GET /static/admin/js/prepopulate.js HTTP/1.1" 200 1531
"GET /static/admin/css/widgets.css HTTP/1.1" 200 10592
"GET /static/admin/js/vendor/xregexp/xregexp.js HTTP/1.1" 200 232381
"GET /static/admin/js/prepopulate_init.js HTTP/1.1" 200 492
"GET /static/admin/js/change_form.js HTTP/1.1" 200 606
"GET /static/admin/img/search.svg HTTP/1.1" 200 458
"GET /static/admin/img/icon-unknown.svg HTTP/1.1" 200 655
"GET /static/admin/img/icon-unknown-alt.svg HTTP/1.1" 200 655
"GET /static/admin/img/selector-icons.svg HTTP/1.1" 200 3291
(0.015) SELECT "django_session"."session_key", "django_session"."session_data", "django_session"."expire_date" FROM "django_session" WHERE ("django_session"."expire_date" > '2020-08-24 05:55:09.206627' AND "django_session"."session_key" = 'qf4zlsk06ae1fhktns32p4ddpb64wnm8') LIMIT 21; args=('2020-08-24 05:55:09.206627', 'qf4zlsk06ae1fhktns32p4ddpb64wnm8')
(0.000) SELECT "auth_user"."id", "auth_user"."password", "auth_user"."last_login", "auth_user"."is_superuser", "auth_user"."username", "auth_user"."first_name", "auth_user"."last_name", "auth_user"."email", "auth_user"."is_staff", "auth_user"."is_active", "auth_user"."date_joined" FROM "auth_user" WHERE "auth_user"."id" = 1 LIMIT 21; args=(1,)
Exception while resolving variable 'show_changelinks' in template 'registration/password_change_form.html'.
Traceback (most recent call last):
  File "C:\Users\Developer3\.virtualenvs\accounts-JhCRIwIN\lib\site-packages\django\template\base.py", line 829, in _resolve_lookup
    current = current[bit]
  File "C:\Users\Developer3\.virtualenvs\accounts-JhCRIwIN\lib\site-packages\django\template\context.py", line 83, in __getitem__
    raise KeyError(key)
KeyError: 'show_changelinks'

During handling of the above exception, another exception occurred:

Traceback (most recent call last):
  File "C:\Users\Developer3\.virtualenvs\accounts-JhCRIwIN\lib\site-packages\django\template\base.py", line 835, in _resolve_lookup
    if isinstance(current, BaseContext) and getattr(type(current), bit):
AttributeError: type object 'RequestContext' has no attribute 'show_changelinks'

During handling of the above exception, another exception occurred:

Traceback (most recent call last):
  File "C:\Users\Developer3\.virtualenvs\accounts-JhCRIwIN\lib\site-packages\django\template\base.py", line 843, in _resolve_lookup
    current = current[int(bit)]
ValueError: invalid literal for int() with base 10: 'show_changelinks'

During handling of the above exception, another exception occurred:

Traceback (most recent call last):
  File "C:\Users\Developer3\.virtualenvs\accounts-JhCRIwIN\lib\site-packages\django\template\base.py", line 848, in _resolve_lookup
    raise VariableDoesNotExist("Failed lookup for key "
django.template.base.VariableDoesNotExist: Failed lookup for key [show_changelinks] in [{'True': True, 'False': False, 'None': None}, {'csrf_token': <SimpleLazyObject: <function csrf.<locals>._get_val at 0x0000017865F61700>>, 'request': <WSGIRequest: GET '/admin/password_change/'>, 'user': <SimpleLazyObject: <User: developer3>>, 'perms': <django.contrib.auth.context_processors.PermWrapper object at 0x0000017865FCF3D0>, 'messages': <django.contrib.messages.storage.fallback.FallbackStorage object at 0x00000178661F4D90>, 'DEFAULT_MESSAGE_LEVELS': {'DEBUG': 10, 'INFO': 20, 'SUCCESS': 25, 'WARNING': 30, 'ERROR': 40}}, {}, {'form': <AdminPasswordChangeForm bound=False, valid=Unknown, fields=(old_password;new_password1;new_password2)>, 'view': <django.contrib.auth.views.PasswordChangeView object at 0x0000017866007AF0>, 'site_title': 'Django site admin', 'site_header': 'Django administration', 'site_url': '/', 'has_permission': True, 'available_apps': [{'name': 'Authentication and Authorization', 'app_label': 'auth', 'app_url': '/admin/auth/', 'has_module_perms': True, 'models': [{'name': 'Groups', 'object_name': 'Group', 'perms': {'add': True, 'change': True, 'delete': True, 'view': True}, 'admin_url': '/admin/auth/group/', 'add_url': '/admin/auth/group/add/', 'view_only': False}, {'name': 'Users', 'object_name': 'User', 'perms': {'add': True, 'change': True, 'delete': True, 'view': True}, 'admin_url': '/admin/auth/user/', 'add_url': '/admin/auth/user/add/', 'view_only': False}]}], 'is_popup': False, 'is_nav_sidebar_enabled': True, 'title': 'Password change', 'LANGUAGE_CODE': 'en-us', 'LANGUAGE_BIDI': False}, {'block': <Block Node: nav-sidebar. Contents: [<TextNode: '\n          '>, <django.template.loader_tags.IncludeNode object at 0x0000017866151820>, <TextNode: '\n        '>]>}, {}, {'app_list': [{'name': 'Authentication and Authorization', 'app_label': 'auth', 'app_url': '/admin/auth/', 'has_module_perms': True, 'models': [{'name': 'Groups', 'object_name': 'Group', 'perms': {'add': True, 'change': True, 'delete': True, 'view': True}, 'admin_url': '/admin/auth/group/', 'add_url': '/admin/auth/group/add/', 'view_only': False}, {'name': 'Users', 'object_name': 'User', 'perms': {'add': True, 'change': True, 'delete': True, 'view': True}, 'admin_url': '/admin/auth/user/', 'add_url': '/admin/auth/user/add/', 'view_only': False}]}]}, {'forloop': {'parentloop': {}, 'counter0': 0, 'counter': 1, 'revcounter': 1, 'revcounter0': 0, 'first': True, 'last': True}, 'app': {'name': 'Authentication and Authorization', 'app_label': 'auth', 'app_url': '/admin/auth/', 'has_module_perms': True, 'models': [{'name': 'Groups', 'object_name': 'Group', 'perms': {'add': True, 'change': True, 'delete': True, 'view': True}, 'admin_url': '/admin/auth/group/', 'add_url': '/admin/auth/group/add/', 'view_only': False}, {'name': 'Users', 'object_name': 'User', 'perms': {'add': True, 'change': True, 'delete': True, 'view': True}, 'admin_url': '/admin/auth/user/', 'add_url': '/admin/auth/user/add/', 'view_only': False}]}}, {'forloop': {'parentloop': {'parentloop': {}, 'counter0': 0, 'counter': 1, 'revcounter': 1, 'revcounter0': 0, 'first': True, 'last': True}, 'counter0': 0, 'counter': 1, 'revcounter': 2, 'revcounter0': 1, 'first': True, 'last': False}, 'model': {'name': 'Groups', 'object_name': 'Group', 'perms': {'add': True, 'change': True, 'delete': True, 'view': True}, 'admin_url': '/admin/auth/group/', 'add_url': '/admin/auth/group/add/', 'view_only': False}}]
Exception while resolving variable 'show_changelinks' in template 'registration/password_change_form.html'.
Traceback (most recent call last):
  File "C:\Users\Developer3\.virtualenvs\accounts-JhCRIwIN\lib\site-packages\django\template\base.py", line 829, in _resolve_lookup
    current = current[bit]
  File "C:\Users\Developer3\.virtualenvs\accounts-JhCRIwIN\lib\site-packages\django\template\context.py", line 83, in __getitem__
    raise KeyError(key)
KeyError: 'show_changelinks'

During handling of the above exception, another exception occurred:

Traceback (most recent call last):
  File "C:\Users\Developer3\.virtualenvs\accounts-JhCRIwIN\lib\site-packages\django\template\base.py", line 835, in _resolve_lookup
    if isinstance(current, BaseContext) and getattr(type(current), bit):
AttributeError: type object 'RequestContext' has no attribute 'show_changelinks'

During handling of the above exception, another exception occurred:

Traceback (most recent call last):
  File "C:\Users\Developer3\.virtualenvs\accounts-JhCRIwIN\lib\site-packages\django\template\base.py", line 843, in _resolve_lookup
    current = current[int(bit)]
ValueError: invalid literal for int() with base 10: 'show_changelinks'

During handling of the above exception, another exception occurred:

Traceback (most recent call last):
  File "C:\Users\Developer3\.virtualenvs\accounts-JhCRIwIN\lib\site-packages\django\template\base.py", line 848, in _resolve_lookup
    raise VariableDoesNotExist("Failed lookup for key "
django.template.base.VariableDoesNotExist: Failed lookup for key [show_changelinks] in [{'True': True, 'False': False, 'None': None}, {'csrf_token': <SimpleLazyObject: <function csrf.<locals>._get_val at 0x0000017865F61700>>, 'request': <WSGIRequest: GET '/admin/password_change/'>, 'user': <SimpleLazyObject: <User: developer3>>, 'perms': <django.contrib.auth.context_processors.PermWrapper object at 0x0000017865FCF3D0>, 'messages': <django.contrib.messages.storage.fallback.FallbackStorage object at 0x00000178661F4D90>, 'DEFAULT_MESSAGE_LEVELS': {'DEBUG': 10, 'INFO': 20, 'SUCCESS': 25, 'WARNING': 30, 'ERROR': 40}}, {}, {'form': <AdminPasswordChangeForm bound=False, valid=Unknown, fields=(old_password;new_password1;new_password2)>, 'view': <django.contrib.auth.views.PasswordChangeView object at 0x0000017866007AF0>, 'site_title': 'Django site admin', 'site_header': 'Django administration', 'site_url': '/', 'has_permission': True, 'available_apps': [{'name': 'Authentication and Authorization', 'app_label': 'auth', 'app_url': '/admin/auth/', 'has_module_perms': True, 'models': [{'name': 'Groups', 'object_name': 'Group', 'perms': {'add': True, 'change': True, 'delete': True, 'view': True}, 'admin_url': '/admin/auth/group/', 'add_url': '/admin/auth/group/add/', 'view_only': False}, {'name': 'Users', 'object_name': 'User', 'perms': {'add': True, 'change': True, 'delete': True, 'view': True}, 'admin_url': '/admin/auth/user/', 'add_url': '/admin/auth/user/add/', 'view_only': False}]}], 'is_popup': False, 'is_nav_sidebar_enabled': True, 'title': 'Password change', 'LANGUAGE_CODE': 'en-us', 'LANGUAGE_BIDI': False}, {'block': <Block Node: nav-sidebar. Contents: [<TextNode: '\n          '>, <django.template.loader_tags.IncludeNode object at 0x0000017866151820>, <TextNode: '\n        '>]>}, {}, {'app_list': [{'name': 'Authentication and Authorization', 'app_label': 'auth', 'app_url': '/admin/auth/', 'has_module_perms': True, 'models': [{'name': 'Groups', 'object_name': 'Group', 'perms': {'add': True, 'change': True, 'delete': True, 'view': True}, 'admin_url': '/admin/auth/group/', 'add_url': '/admin/auth/group/add/', 'view_only': False}, {'name': 'Users', 'object_name': 'User', 'perms': {'add': True, 'change': True, 'delete': True, 'view': True}, 'admin_url': '/admin/auth/user/', 'add_url': '/admin/auth/user/add/', 'view_only': False}]}]}, {'forloop': {'parentloop': {}, 'counter0': 0, 'counter': 1, 'revcounter': 1, 'revcounter0': 0, 'first': True, 'last': True}, 'app': {'name': 'Authentication and Authorization', 'app_label': 'auth', 'app_url': '/admin/auth/', 'has_module_perms': True, 'models': [{'name': 'Groups', 'object_name': 'Group', 'perms': {'add': True, 'change': True, 'delete': True, 'view': True}, 'admin_url': '/admin/auth/group/', 'add_url': '/admin/auth/group/add/', 'view_only': False}, {'name': 'Users', 'object_name': 'User', 'perms': {'add': True, 'change': True, 'delete': True, 'view': True}, 'admin_url': '/admin/auth/user/', 'add_url': '/admin/auth/user/add/', 'view_only': False}]}}, {'forloop': {'parentloop': {'parentloop': {}, 'counter0': 0, 'counter': 1, 'revcounter': 1, 'revcounter0': 0, 'first': True, 'last': True}, 'counter0': 0, 'counter': 1, 'revcounter': 2, 'revcounter0': 1, 'first': True, 'last': False}, 'model': {'name': 'Groups', 'object_name': 'Group', 'perms': {'add': True, 'change': True, 'delete': True, 'view': True}, 'admin_url': '/admin/auth/group/', 'add_url': '/admin/auth/group/add/', 'view_only': False}}]
Exception while resolving variable 'show_changelinks' in template 'registration/password_change_form.html'.
Traceback (most recent call last):
  File "C:\Users\Developer3\.virtualenvs\accounts-JhCRIwIN\lib\site-packages\django\template\base.py", line 829, in _resolve_lookup
    current = current[bit]
  File "C:\Users\Developer3\.virtualenvs\accounts-JhCRIwIN\lib\site-packages\django\template\context.py", line 83, in __getitem__
    raise KeyError(key)
KeyError: 'show_changelinks'

During handling of the above exception, another exception occurred:

Traceback (most recent call last):
  File "C:\Users\Developer3\.virtualenvs\accounts-JhCRIwIN\lib\site-packages\django\template\base.py", line 835, in _resolve_lookup
    if isinstance(current, BaseContext) and getattr(type(current), bit):
AttributeError: type object 'RequestContext' has no attribute 'show_changelinks'

During handling of the above exception, another exception occurred:

Traceback (most recent call last):
  File "C:\Users\Developer3\.virtualenvs\accounts-JhCRIwIN\lib\site-packages\django\template\base.py", line 843, in _resolve_lookup
    current = current[int(bit)]
ValueError: invalid literal for int() with base 10: 'show_changelinks'

During handling of the above exception, another exception occurred:

Traceback (most recent call last):
  File "C:\Users\Developer3\.virtualenvs\accounts-JhCRIwIN\lib\site-packages\django\template\base.py", line 848, in _resolve_lookup
    raise VariableDoesNotExist("Failed lookup for key "
django.template.base.VariableDoesNotExist: Failed lookup for key [show_changelinks] in [{'True': True, 'False': False, 'None': None}, {'csrf_token': <SimpleLazyObject: <function csrf.<locals>._get_val at 0x0000017865F61700>>, 'request': <WSGIRequest: GET '/admin/password_change/'>, 'user': <SimpleLazyObject: <User: developer3>>, 'perms': <django.contrib.auth.context_processors.PermWrapper object at 0x0000017865FCF3D0>, 'messages': <django.contrib.messages.storage.fallback.FallbackStorage object at 0x00000178661F4D90>, 'DEFAULT_MESSAGE_LEVELS': {'DEBUG': 10, 'INFO': 20, 'SUCCESS': 25, 'WARNING': 30, 'ERROR': 40}}, {}, {'form': <AdminPasswordChangeForm bound=False, valid=Unknown, fields=(old_password;new_password1;new_password2)>, 'view': <django.contrib.auth.views.PasswordChangeView object at 0x0000017866007AF0>, 'site_title': 'Django site admin', 'site_header': 'Django administration', 'site_url': '/', 'has_permission': True, 'available_apps': [{'name': 'Authentication and Authorization', 'app_label': 'auth', 'app_url': '/admin/auth/', 'has_module_perms': True, 'models': [{'name': 'Groups', 'object_name': 'Group', 'perms': {'add': True, 'change': True, 'delete': True, 'view': True}, 'admin_url': '/admin/auth/group/', 'add_url': '/admin/auth/group/add/', 'view_only': False}, {'name': 'Users', 'object_name': 'User', 'perms': {'add': True, 'change': True, 'delete': True, 'view': True}, 'admin_url': '/admin/auth/user/', 'add_url': '/admin/auth/user/add/', 'view_only': False}]}], 'is_popup': False, 'is_nav_sidebar_enabled': True, 'title': 'Password change', 'LANGUAGE_CODE': 'en-us', 'LANGUAGE_BIDI': False}, {'block': <Block Node: nav-sidebar. Contents: [<TextNode: '\n          '>, <django.template.loader_tags.IncludeNode object at 0x0000017866151820>, <TextNode: '\n        '>]>}, {}, {'app_list': [{'name': 'Authentication and Authorization', 'app_label': 'auth', 'app_url': '/admin/auth/', 'has_module_perms': True, 'models': [{'name': 'Groups', 'object_name': 'Group', 'perms': {'add': True, 'change': True, 'delete': True, 'view': True}, 'admin_url': '/admin/auth/group/', 'add_url': '/admin/auth/group/add/', 'view_only': False}, {'name': 'Users', 'object_name': 'User', 'perms': {'add': True, 'change': True, 'delete': True, 'view': True}, 'admin_url': '/admin/auth/user/', 'add_url': '/admin/auth/user/add/', 'view_only': False}]}]}, {'forloop': {'parentloop': {}, 'counter0': 0, 'counter': 1, 'revcounter': 1, 'revcounter0': 0, 'first': True, 'last': True}, 'app': {'name': 'Authentication and Authorization', 'app_label': 'auth', 'app_url': '/admin/auth/', 'has_module_perms': True, 'models': [{'name': 'Groups', 'object_name': 'Group', 'perms': {'add': True, 'change': True, 'delete': True, 'view': True}, 'admin_url': '/admin/auth/group/', 'add_url': '/admin/auth/group/add/', 'view_only': False}, {'name': 'Users', 'object_name': 'User', 'perms': {'add': True, 'change': True, 'delete': True, 'view': True}, 'admin_url': '/admin/auth/user/', 'add_url': '/admin/auth/user/add/', 'view_only': False}]}}, {'forloop': {'parentloop': {'parentloop': {}, 'counter0': 0, 'counter': 1, 'revcounter': 1, 'revcounter0': 0, 'first': True, 'last': True}, 'counter0': 1, 'counter': 2, 'revcounter': 1, 'revcounter0': 0, 'first': False, 'last': True}, 'model': {'name': 'Users', 'object_name': 'User', 'perms': {'add': True, 'change': True, 'delete': True, 'view': True}, 'admin_url': '/admin/auth/user/', 'add_url': '/admin/auth/user/add/', 'view_only': False}}]
Exception while resolving variable 'show_changelinks' in template 'registration/password_change_form.html'.
Traceback (most recent call last):
  File "C:\Users\Developer3\.virtualenvs\accounts-JhCRIwIN\lib\site-packages\django\template\base.py", line 829, in _resolve_lookup
    current = current[bit]
  File "C:\Users\Developer3\.virtualenvs\accounts-JhCRIwIN\lib\site-packages\django\template\context.py", line 83, in __getitem__
    raise KeyError(key)
KeyError: 'show_changelinks'

During handling of the above exception, another exception occurred:

Traceback (most recent call last):
  File "C:\Users\Developer3\.virtualenvs\accounts-JhCRIwIN\lib\site-packages\django\template\base.py", line 835, in _resolve_lookup
    if isinstance(current, BaseContext) and getattr(type(current), bit):
AttributeError: type object 'RequestContext' has no attribute 'show_changelinks'

During handling of the above exception, another exception occurred:

Traceback (most recent call last):
  File "C:\Users\Developer3\.virtualenvs\accounts-JhCRIwIN\lib\site-packages\django\template\base.py", line 843, in _resolve_lookup
    current = current[int(bit)]
ValueError: invalid literal for int() with base 10: 'show_changelinks'

During handling of the above exception, another exception occurred:

Traceback (most recent call last):
  File "C:\Users\Developer3\.virtualenvs\accounts-JhCRIwIN\lib\site-packages\django\template\base.py", line 848, in _resolve_lookup
    raise VariableDoesNotExist("Failed lookup for key "
django.template.base.VariableDoesNotExist: Failed lookup for key [show_changelinks] in [{'True': True, 'False': False, 'None': None}, {'csrf_token': <SimpleLazyObject: <function csrf.<locals>._get_val at 0x0000017865F61700>>, 'request': <WSGIRequest: GET '/admin/password_change/'>, 'user': <SimpleLazyObject: <User: developer3>>, 'perms': <django.contrib.auth.context_processors.PermWrapper object at 0x0000017865FCF3D0>, 'messages': <django.contrib.messages.storage.fallback.FallbackStorage object at 0x00000178661F4D90>, 'DEFAULT_MESSAGE_LEVELS': {'DEBUG': 10, 'INFO': 20, 'SUCCESS': 25, 'WARNING': 30, 'ERROR': 40}}, {}, {'form': <AdminPasswordChangeForm bound=False, valid=Unknown, fields=(old_password;new_password1;new_password2)>, 'view': <django.contrib.auth.views.PasswordChangeView object at 0x0000017866007AF0>, 'site_title': 'Django site admin', 'site_header': 'Django administration', 'site_url': '/', 'has_permission': True, 'available_apps': [{'name': 'Authentication and Authorization', 'app_label': 'auth', 'app_url': '/admin/auth/', 'has_module_perms': True, 'models': [{'name': 'Groups', 'object_name': 'Group', 'perms': {'add': True, 'change': True, 'delete': True, 'view': True}, 'admin_url': '/admin/auth/group/', 'add_url': '/admin/auth/group/add/', 'view_only': False}, {'name': 'Users', 'object_name': 'User', 'perms': {'add': True, 'change': True, 'delete': True, 'view': True}, 'admin_url': '/admin/auth/user/', 'add_url': '/admin/auth/user/add/', 'view_only': False}]}], 'is_popup': False, 'is_nav_sidebar_enabled': True, 'title': 'Password change', 'LANGUAGE_CODE': 'en-us', 'LANGUAGE_BIDI': False}, {'block': <Block Node: nav-sidebar. Contents: [<TextNode: '\n          '>, <django.template.loader_tags.IncludeNode object at 0x0000017866151820>, <TextNode: '\n        '>]>}, {}, {'app_list': [{'name': 'Authentication and Authorization', 'app_label': 'auth', 'app_url': '/admin/auth/', 'has_module_perms': True, 'models': [{'name': 'Groups', 'object_name': 'Group', 'perms': {'add': True, 'change': True, 'delete': True, 'view': True}, 'admin_url': '/admin/auth/group/', 'add_url': '/admin/auth/group/add/', 'view_only': False}, {'name': 'Users', 'object_name': 'User', 'perms': {'add': True, 'change': True, 'delete': True, 'view': True}, 'admin_url': '/admin/auth/user/', 'add_url': '/admin/auth/user/add/', 'view_only': False}]}]}, {'forloop': {'parentloop': {}, 'counter0': 0, 'counter': 1, 'revcounter': 1, 'revcounter0': 0, 'first': True, 'last': True}, 'app': {'name': 'Authentication and Authorization', 'app_label': 'auth', 'app_url': '/admin/auth/', 'has_module_perms': True, 'models': [{'name': 'Groups', 'object_name': 'Group', 'perms': {'add': True, 'change': True, 'delete': True, 'view': True}, 'admin_url': '/admin/auth/group/', 'add_url': '/admin/auth/group/add/', 'view_only': False}, {'name': 'Users', 'object_name': 'User', 'perms': {'add': True, 'change': True, 'delete': True, 'view': True}, 'admin_url': '/admin/auth/user/', 'add_url': '/admin/auth/user/add/', 'view_only': False}]}}, {'forloop': {'parentloop': {'parentloop': {}, 'counter0': 0, 'counter': 1, 'revcounter': 1, 'revcounter0': 0, 'first': True, 'last': True}, 'counter0': 1, 'counter': 2, 'revcounter': 1, 'revcounter0': 0, 'first': False, 'last': True}, 'model': {'name': 'Users', 'object_name': 'User', 'perms': {'add': True, 'change': True, 'delete': True, 'view': True}, 'admin_url': '/admin/auth/user/', 'add_url': '/admin/auth/user/add/', 'view_only': False}}]
"GET /admin/password_change/ HTTP/1.1" 200 4183
(0.000) SELECT "django_session"."session_key", "django_session"."session_data", "django_session"."expire_date" FROM "django_session" WHERE ("django_session"."expire_date" > '2020-08-24 05:55:19.477801' AND "django_session"."session_key" = 'qf4zlsk06ae1fhktns32p4ddpb64wnm8') LIMIT 21; args=('2020-08-24 05:55:19.477801', 'qf4zlsk06ae1fhktns32p4ddpb64wnm8')
(0.000) SELECT "auth_user"."id", "auth_user"."password", "auth_user"."last_login", "auth_user"."is_superuser", "auth_user"."username", "auth_user"."first_name", "auth_user"."last_name", "auth_user"."email", "auth_user"."is_staff", "auth_user"."is_active", "auth_user"."date_joined" FROM "auth_user" WHERE "auth_user"."id" = 1 LIMIT 21; args=(1,)
Exception while resolving variable 'show_changelinks' in template 'registration/password_change_form.html'.
Traceback (most recent call last):
  File "C:\Users\Developer3\.virtualenvs\accounts-JhCRIwIN\lib\site-packages\django\template\base.py", line 829, in _resolve_lookup
    current = current[bit]
  File "C:\Users\Developer3\.virtualenvs\accounts-JhCRIwIN\lib\site-packages\django\template\context.py", line 83, in __getitem__
    raise KeyError(key)
KeyError: 'show_changelinks'

During handling of the above exception, another exception occurred:

Traceback (most recent call last):
  File "C:\Users\Developer3\.virtualenvs\accounts-JhCRIwIN\lib\site-packages\django\template\base.py", line 835, in _resolve_lookup
    if isinstance(current, BaseContext) and getattr(type(current), bit):
AttributeError: type object 'RequestContext' has no attribute 'show_changelinks'

During handling of the above exception, another exception occurred:

Traceback (most recent call last):
  File "C:\Users\Developer3\.virtualenvs\accounts-JhCRIwIN\lib\site-packages\django\template\base.py", line 843, in _resolve_lookup
    current = current[int(bit)]
ValueError: invalid literal for int() with base 10: 'show_changelinks'

During handling of the above exception, another exception occurred:

Traceback (most recent call last):
  File "C:\Users\Developer3\.virtualenvs\accounts-JhCRIwIN\lib\site-packages\django\template\base.py", line 848, in _resolve_lookup
    raise VariableDoesNotExist("Failed lookup for key "
django.template.base.VariableDoesNotExist: Failed lookup for key [show_changelinks] in [{'True': True, 'False': False, 'None': None}, {'csrf_token': <SimpleLazyObject: <function csrf.<locals>._get_val at 0x0000017865F615E0>>, 'request': <WSGIRequest: POST '/admin/password_change/'>, 'user': <SimpleLazyObject: <User: developer3>>, 'perms': <django.contrib.auth.context_processors.PermWrapper object at 0x0000017865FA9310>, 'messages': <django.contrib.messages.storage.fallback.FallbackStorage object at 0x0000017865FFD880>, 'DEFAULT_MESSAGE_LEVELS': {'DEBUG': 10, 'INFO': 20, 'SUCCESS': 25, 'WARNING': 30, 'ERROR': 40}}, {}, {'form': <AdminPasswordChangeForm bound=True, valid=False, fields=(old_password;new_password1;new_password2)>, 'view': <django.contrib.auth.views.PasswordChangeView object at 0x0000017865FB2C70>, 'site_title': 'Django site admin', 'site_header': 'Django administration', 'site_url': '/', 'has_permission': True, 'available_apps': [{'name': 'Authentication and Authorization', 'app_label': 'auth', 'app_url': '/admin/auth/', 'has_module_perms': True, 'models': [{'name': 'Groups', 'object_name': 'Group', 'perms': {'add': True, 'change': True, 'delete': True, 'view': True}, 'admin_url': '/admin/auth/group/', 'add_url': '/admin/auth/group/add/', 'view_only': False}, {'name': 'Users', 'object_name': 'User', 'perms': {'add': True, 'change': True, 'delete': True, 'view': True}, 'admin_url': '/admin/auth/user/', 'add_url': '/admin/auth/user/add/', 'view_only': False}]}], 'is_popup': False, 'is_nav_sidebar_enabled': True, 'title': 'Password change', 'LANGUAGE_CODE': 'en-us', 'LANGUAGE_BIDI': False}, {'block': <Block Node: nav-sidebar. Contents: [<TextNode: '\n          '>, <django.template.loader_tags.IncludeNode object at 0x0000017866A13A30>, <TextNode: '\n        '>]>}, {}, {'app_list': [{'name': 'Authentication and Authorization', 'app_label': 'auth', 'app_url': '/admin/auth/', 'has_module_perms': True, 'models': [{'name': 'Groups', 'object_name': 'Group', 'perms': {'add': True, 'change': True, 'delete': True, 'view': True}, 'admin_url': '/admin/auth/group/', 'add_url': '/admin/auth/group/add/', 'view_only': False}, {'name': 'Users', 'object_name': 'User', 'perms': {'add': True, 'change': True, 'delete': True, 'view': True}, 'admin_url': '/admin/auth/user/', 'add_url': '/admin/auth/user/add/', 'view_only': False}]}]}, {'forloop': {'parentloop': {}, 'counter0': 0, 'counter': 1, 'revcounter': 1, 'revcounter0': 0, 'first': True, 'last': True}, 'app': {'name': 'Authentication and Authorization', 'app_label': 'auth', 'app_url': '/admin/auth/', 'has_module_perms': True, 'models': [{'name': 'Groups', 'object_name': 'Group', 'perms': {'add': True, 'change': True, 'delete': True, 'view': True}, 'admin_url': '/admin/auth/group/', 'add_url': '/admin/auth/group/add/', 'view_only': False}, {'name': 'Users', 'object_name': 'User', 'perms': {'add': True, 'change': True, 'delete': True, 'view': True}, 'admin_url': '/admin/auth/user/', 'add_url': '/admin/auth/user/add/', 'view_only': False}]}}, {'forloop': {'parentloop': {'parentloop': {}, 'counter0': 0, 'counter': 1, 'revcounter': 1, 'revcounter0': 0, 'first': True, 'last': True}, 'counter0': 0, 'counter': 1, 'revcounter': 2, 'revcounter0': 1, 'first': True, 'last': False}, 'model': {'name': 'Groups', 'object_name': 'Group', 'perms': {'add': True, 'change': True, 'delete': True, 'view': True}, 'admin_url': '/admin/auth/group/', 'add_url': '/admin/auth/group/add/', 'view_only': False}}]
Exception while resolving variable 'show_changelinks' in template 'registration/password_change_form.html'.
Traceback (most recent call last):
  File "C:\Users\Developer3\.virtualenvs\accounts-JhCRIwIN\lib\site-packages\django\template\base.py", line 829, in _resolve_lookup
    current = current[bit]
  File "C:\Users\Developer3\.virtualenvs\accounts-JhCRIwIN\lib\site-packages\django\template\context.py", line 83, in __getitem__
    raise KeyError(key)
KeyError: 'show_changelinks'

During handling of the above exception, another exception occurred:

Traceback (most recent call last):
  File "C:\Users\Developer3\.virtualenvs\accounts-JhCRIwIN\lib\site-packages\django\template\base.py", line 835, in _resolve_lookup
    if isinstance(current, BaseContext) and getattr(type(current), bit):
AttributeError: type object 'RequestContext' has no attribute 'show_changelinks'

During handling of the above exception, another exception occurred:

Traceback (most recent call last):
  File "C:\Users\Developer3\.virtualenvs\accounts-JhCRIwIN\lib\site-packages\django\template\base.py", line 843, in _resolve_lookup
    current = current[int(bit)]
ValueError: invalid literal for int() with base 10: 'show_changelinks'

During handling of the above exception, another exception occurred:

Traceback (most recent call last):
  File "C:\Users\Developer3\.virtualenvs\accounts-JhCRIwIN\lib\site-packages\django\template\base.py", line 848, in _resolve_lookup
    raise VariableDoesNotExist("Failed lookup for key "
django.template.base.VariableDoesNotExist: Failed lookup for key [show_changelinks] in [{'True': True, 'False': False, 'None': None}, {'csrf_token': <SimpleLazyObject: <function csrf.<locals>._get_val at 0x0000017865F615E0>>, 'request': <WSGIRequest: POST '/admin/password_change/'>, 'user': <SimpleLazyObject: <User: developer3>>, 'perms': <django.contrib.auth.context_processors.PermWrapper object at 0x0000017865FA9310>, 'messages': <django.contrib.messages.storage.fallback.FallbackStorage object at 0x0000017865FFD880>, 'DEFAULT_MESSAGE_LEVELS': {'DEBUG': 10, 'INFO': 20, 'SUCCESS': 25, 'WARNING': 30, 'ERROR': 40}}, {}, {'form': <AdminPasswordChangeForm bound=True, valid=False, fields=(old_password;new_password1;new_password2)>, 'view': <django.contrib.auth.views.PasswordChangeView object at 0x0000017865FB2C70>, 'site_title': 'Django site admin', 'site_header': 'Django administration', 'site_url': '/', 'has_permission': True, 'available_apps': [{'name': 'Authentication and Authorization', 'app_label': 'auth', 'app_url': '/admin/auth/', 'has_module_perms': True, 'models': [{'name': 'Groups', 'object_name': 'Group', 'perms': {'add': True, 'change': True, 'delete': True, 'view': True}, 'admin_url': '/admin/auth/group/', 'add_url': '/admin/auth/group/add/', 'view_only': False}, {'name': 'Users', 'object_name': 'User', 'perms': {'add': True, 'change': True, 'delete': True, 'view': True}, 'admin_url': '/admin/auth/user/', 'add_url': '/admin/auth/user/add/', 'view_only': False}]}], 'is_popup': False, 'is_nav_sidebar_enabled': True, 'title': 'Password change', 'LANGUAGE_CODE': 'en-us', 'LANGUAGE_BIDI': False}, {'block': <Block Node: nav-sidebar. Contents: [<TextNode: '\n          '>, <django.template.loader_tags.IncludeNode object at 0x0000017866A13A30>, <TextNode: '\n        '>]>}, {}, {'app_list': [{'name': 'Authentication and Authorization', 'app_label': 'auth', 'app_url': '/admin/auth/', 'has_module_perms': True, 'models': [{'name': 'Groups', 'object_name': 'Group', 'perms': {'add': True, 'change': True, 'delete': True, 'view': True}, 'admin_url': '/admin/auth/group/', 'add_url': '/admin/auth/group/add/', 'view_only': False}, {'name': 'Users', 'object_name': 'User', 'perms': {'add': True, 'change': True, 'delete': True, 'view': True}, 'admin_url': '/admin/auth/user/', 'add_url': '/admin/auth/user/add/', 'view_only': False}]}]}, {'forloop': {'parentloop': {}, 'counter0': 0, 'counter': 1, 'revcounter': 1, 'revcounter0': 0, 'first': True, 'last': True}, 'app': {'name': 'Authentication and Authorization', 'app_label': 'auth', 'app_url': '/admin/auth/', 'has_module_perms': True, 'models': [{'name': 'Groups', 'object_name': 'Group', 'perms': {'add': True, 'change': True, 'delete': True, 'view': True}, 'admin_url': '/admin/auth/group/', 'add_url': '/admin/auth/group/add/', 'view_only': False}, {'name': 'Users', 'object_name': 'User', 'perms': {'add': True, 'change': True, 'delete': True, 'view': True}, 'admin_url': '/admin/auth/user/', 'add_url': '/admin/auth/user/add/', 'view_only': False}]}}, {'forloop': {'parentloop': {'parentloop': {}, 'counter0': 0, 'counter': 1, 'revcounter': 1, 'revcounter0': 0, 'first': True, 'last': True}, 'counter0': 0, 'counter': 1, 'revcounter': 2, 'revcounter0': 1, 'first': True, 'last': False}, 'model': {'name': 'Groups', 'object_name': 'Group', 'perms': {'add': True, 'change': True, 'delete': True, 'view': True}, 'admin_url': '/admin/auth/group/', 'add_url': '/admin/auth/group/add/', 'view_only': False}}]
Exception while resolving variable 'show_changelinks' in template 'registration/password_change_form.html'.
Traceback (most recent call last):
  File "C:\Users\Developer3\.virtualenvs\accounts-JhCRIwIN\lib\site-packages\django\template\base.py", line 829, in _resolve_lookup
    current = current[bit]
  File "C:\Users\Developer3\.virtualenvs\accounts-JhCRIwIN\lib\site-packages\django\template\context.py", line 83, in __getitem__
    raise KeyError(key)
KeyError: 'show_changelinks'

During handling of the above exception, another exception occurred:

Traceback (most recent call last):
  File "C:\Users\Developer3\.virtualenvs\accounts-JhCRIwIN\lib\site-packages\django\template\base.py", line 835, in _resolve_lookup
    if isinstance(current, BaseContext) and getattr(type(current), bit):
AttributeError: type object 'RequestContext' has no attribute 'show_changelinks'

During handling of the above exception, another exception occurred:

Traceback (most recent call last):
  File "C:\Users\Developer3\.virtualenvs\accounts-JhCRIwIN\lib\site-packages\django\template\base.py", line 843, in _resolve_lookup
    current = current[int(bit)]
ValueError: invalid literal for int() with base 10: 'show_changelinks'

During handling of the above exception, another exception occurred:

Traceback (most recent call last):
  File "C:\Users\Developer3\.virtualenvs\accounts-JhCRIwIN\lib\site-packages\django\template\base.py", line 848, in _resolve_lookup
    raise VariableDoesNotExist("Failed lookup for key "
django.template.base.VariableDoesNotExist: Failed lookup for key [show_changelinks] in [{'True': True, 'False': False, 'None': None}, {'csrf_token': <SimpleLazyObject: <function csrf.<locals>._get_val at 0x0000017865F615E0>>, 'request': <WSGIRequest: POST '/admin/password_change/'>, 'user': <SimpleLazyObject: <User: developer3>>, 'perms': <django.contrib.auth.context_processors.PermWrapper object at 0x0000017865FA9310>, 'messages': <django.contrib.messages.storage.fallback.FallbackStorage object at 0x0000017865FFD880>, 'DEFAULT_MESSAGE_LEVELS': {'DEBUG': 10, 'INFO': 20, 'SUCCESS': 25, 'WARNING': 30, 'ERROR': 40}}, {}, {'form': <AdminPasswordChangeForm bound=True, valid=False, fields=(old_password;new_password1;new_password2)>, 'view': <django.contrib.auth.views.PasswordChangeView object at 0x0000017865FB2C70>, 'site_title': 'Django site admin', 'site_header': 'Django administration', 'site_url': '/', 'has_permission': True, 'available_apps': [{'name': 'Authentication and Authorization', 'app_label': 'auth', 'app_url': '/admin/auth/', 'has_module_perms': True, 'models': [{'name': 'Groups', 'object_name': 'Group', 'perms': {'add': True, 'change': True, 'delete': True, 'view': True}, 'admin_url': '/admin/auth/group/', 'add_url': '/admin/auth/group/add/', 'view_only': False}, {'name': 'Users', 'object_name': 'User', 'perms': {'add': True, 'change': True, 'delete': True, 'view': True}, 'admin_url': '/admin/auth/user/', 'add_url': '/admin/auth/user/add/', 'view_only': False}]}], 'is_popup': False, 'is_nav_sidebar_enabled': True, 'title': 'Password change', 'LANGUAGE_CODE': 'en-us', 'LANGUAGE_BIDI': False}, {'block': <Block Node: nav-sidebar. Contents: [<TextNode: '\n          '>, <django.template.loader_tags.IncludeNode object at 0x0000017866A13A30>, <TextNode: '\n        '>]>}, {}, {'app_list': [{'name': 'Authentication and Authorization', 'app_label': 'auth', 'app_url': '/admin/auth/', 'has_module_perms': True, 'models': [{'name': 'Groups', 'object_name': 'Group', 'perms': {'add': True, 'change': True, 'delete': True, 'view': True}, 'admin_url': '/admin/auth/group/', 'add_url': '/admin/auth/group/add/', 'view_only': False}, {'name': 'Users', 'object_name': 'User', 'perms': {'add': True, 'change': True, 'delete': True, 'view': True}, 'admin_url': '/admin/auth/user/', 'add_url': '/admin/auth/user/add/', 'view_only': False}]}]}, {'forloop': {'parentloop': {}, 'counter0': 0, 'counter': 1, 'revcounter': 1, 'revcounter0': 0, 'first': True, 'last': True}, 'app': {'name': 'Authentication and Authorization', 'app_label': 'auth', 'app_url': '/admin/auth/', 'has_module_perms': True, 'models': [{'name': 'Groups', 'object_name': 'Group', 'perms': {'add': True, 'change': True, 'delete': True, 'view': True}, 'admin_url': '/admin/auth/group/', 'add_url': '/admin/auth/group/add/', 'view_only': False}, {'name': 'Users', 'object_name': 'User', 'perms': {'add': True, 'change': True, 'delete': True, 'view': True}, 'admin_url': '/admin/auth/user/', 'add_url': '/admin/auth/user/add/', 'view_only': False}]}}, {'forloop': {'parentloop': {'parentloop': {}, 'counter0': 0, 'counter': 1, 'revcounter': 1, 'revcounter0': 0, 'first': True, 'last': True}, 'counter0': 1, 'counter': 2, 'revcounter': 1, 'revcounter0': 0, 'first': False, 'last': True}, 'model': {'name': 'Users', 'object_name': 'User', 'perms': {'add': True, 'change': True, 'delete': True, 'view': True}, 'admin_url': '/admin/auth/user/', 'add_url': '/admin/auth/user/add/', 'view_only': False}}]
Exception while resolving variable 'show_changelinks' in template 'registration/password_change_form.html'.
Traceback (most recent call last):
  File "C:\Users\Developer3\.virtualenvs\accounts-JhCRIwIN\lib\site-packages\django\template\base.py", line 829, in _resolve_lookup
    current = current[bit]
  File "C:\Users\Developer3\.virtualenvs\accounts-JhCRIwIN\lib\site-packages\django\template\context.py", line 83, in __getitem__
    raise KeyError(key)
KeyError: 'show_changelinks'

During handling of the above exception, another exception occurred:

Traceback (most recent call last):
  File "C:\Users\Developer3\.virtualenvs\accounts-JhCRIwIN\lib\site-packages\django\template\base.py", line 835, in _resolve_lookup
    if isinstance(current, BaseContext) and getattr(type(current), bit):
AttributeError: type object 'RequestContext' has no attribute 'show_changelinks'

During handling of the above exception, another exception occurred:

Traceback (most recent call last):
  File "C:\Users\Developer3\.virtualenvs\accounts-JhCRIwIN\lib\site-packages\django\template\base.py", line 843, in _resolve_lookup
    current = current[int(bit)]
ValueError: invalid literal for int() with base 10: 'show_changelinks'

During handling of the above exception, another exception occurred:

Traceback (most recent call last):
  File "C:\Users\Developer3\.virtualenvs\accounts-JhCRIwIN\lib\site-packages\django\template\base.py", line 848, in _resolve_lookup
    raise VariableDoesNotExist("Failed lookup for key "
django.template.base.VariableDoesNotExist: Failed lookup for key [show_changelinks] in [{'True': True, 'False': False, 'None': None}, {'csrf_token': <SimpleLazyObject: <function csrf.<locals>._get_val at 0x0000017865F615E0>>, 'request': <WSGIRequest: POST '/admin/password_change/'>, 'user': <SimpleLazyObject: <User: developer3>>, 'perms': <django.contrib.auth.context_processors.PermWrapper object at 0x0000017865FA9310>, 'messages': <django.contrib.messages.storage.fallback.FallbackStorage object at 0x0000017865FFD880>, 'DEFAULT_MESSAGE_LEVELS': {'DEBUG': 10, 'INFO': 20, 'SUCCESS': 25, 'WARNING': 30, 'ERROR': 40}}, {}, {'form': <AdminPasswordChangeForm bound=True, valid=False, fields=(old_password;new_password1;new_password2)>, 'view': <django.contrib.auth.views.PasswordChangeView object at 0x0000017865FB2C70>, 'site_title': 'Django site admin', 'site_header': 'Django administration', 'site_url': '/', 'has_permission': True, 'available_apps': [{'name': 'Authentication and Authorization', 'app_label': 'auth', 'app_url': '/admin/auth/', 'has_module_perms': True, 'models': [{'name': 'Groups', 'object_name': 'Group', 'perms': {'add': True, 'change': True, 'delete': True, 'view': True}, 'admin_url': '/admin/auth/group/', 'add_url': '/admin/auth/group/add/', 'view_only': False}, {'name': 'Users', 'object_name': 'User', 'perms': {'add': True, 'change': True, 'delete': True, 'view': True}, 'admin_url': '/admin/auth/user/', 'add_url': '/admin/auth/user/add/', 'view_only': False}]}], 'is_popup': False, 'is_nav_sidebar_enabled': True, 'title': 'Password change', 'LANGUAGE_CODE': 'en-us', 'LANGUAGE_BIDI': False}, {'block': <Block Node: nav-sidebar. Contents: [<TextNode: '\n          '>, <django.template.loader_tags.IncludeNode object at 0x0000017866A13A30>, <TextNode: '\n        '>]>}, {}, {'app_list': [{'name': 'Authentication and Authorization', 'app_label': 'auth', 'app_url': '/admin/auth/', 'has_module_perms': True, 'models': [{'name': 'Groups', 'object_name': 'Group', 'perms': {'add': True, 'change': True, 'delete': True, 'view': True}, 'admin_url': '/admin/auth/group/', 'add_url': '/admin/auth/group/add/', 'view_only': False}, {'name': 'Users', 'object_name': 'User', 'perms': {'add': True, 'change': True, 'delete': True, 'view': True}, 'admin_url': '/admin/auth/user/', 'add_url': '/admin/auth/user/add/', 'view_only': False}]}]}, {'forloop': {'parentloop': {}, 'counter0': 0, 'counter': 1, 'revcounter': 1, 'revcounter0': 0, 'first': True, 'last': True}, 'app': {'name': 'Authentication and Authorization', 'app_label': 'auth', 'app_url': '/admin/auth/', 'has_module_perms': True, 'models': [{'name': 'Groups', 'object_name': 'Group', 'perms': {'add': True, 'change': True, 'delete': True, 'view': True}, 'admin_url': '/admin/auth/group/', 'add_url': '/admin/auth/group/add/', 'view_only': False}, {'name': 'Users', 'object_name': 'User', 'perms': {'add': True, 'change': True, 'delete': True, 'view': True}, 'admin_url': '/admin/auth/user/', 'add_url': '/admin/auth/user/add/', 'view_only': False}]}}, {'forloop': {'parentloop': {'parentloop': {}, 'counter0': 0, 'counter': 1, 'revcounter': 1, 'revcounter0': 0, 'first': True, 'last': True}, 'counter0': 1, 'counter': 2, 'revcounter': 1, 'revcounter0': 0, 'first': False, 'last': True}, 'model': {'name': 'Users', 'object_name': 'User', 'perms': {'add': True, 'change': True, 'delete': True, 'view': True}, 'admin_url': '/admin/auth/user/', 'add_url': '/admin/auth/user/add/', 'view_only': False}}]
"POST /admin/password_change/ HTTP/1.1" 200 4432
(0.000) SELECT "django_session"."session_key", "django_session"."session_data", "django_session"."expire_date" FROM "django_session" WHERE ("django_session"."expire_date" > '2020-08-24 05:55:23.021712' AND "django_session"."session_key" = 'qf4zlsk06ae1fhktns32p4ddpb64wnm8') LIMIT 21; args=('2020-08-24 05:55:23.021712', 'qf4zlsk06ae1fhktns32p4ddpb64wnm8')
(0.000) SELECT "auth_user"."id", "auth_user"."password", "auth_user"."last_login", "auth_user"."is_superuser", "auth_user"."username", "auth_user"."first_name", "auth_user"."last_name", "auth_user"."email", "auth_user"."is_staff", "auth_user"."is_active", "auth_user"."date_joined" FROM "auth_user" WHERE "auth_user"."id" = 1 LIMIT 21; args=(1,)
(0.000) SELECT "django_session"."session_key", "django_session"."session_data", "django_session"."expire_date" FROM "django_session" WHERE "django_session"."session_key" = 'qf4zlsk06ae1fhktns32p4ddpb64wnm8' LIMIT 21; args=('qf4zlsk06ae1fhktns32p4ddpb64wnm8',)
(0.016) DELETE FROM "django_session" WHERE "django_session"."session_key" IN ('qf4zlsk06ae1fhktns32p4ddpb64wnm8'); args=('qf4zlsk06ae1fhktns32p4ddpb64wnm8',)
"GET /admin/logout/ HTTP/1.1" 302 0
"GET / HTTP/1.1" 200 188
"GET /accounts/login/ HTTP/1.1" 200 658
(0.000) SELECT "auth_user"."id", "auth_user"."password", "auth_user"."last_login", "auth_user"."is_superuser", "auth_user"."username", "auth_user"."first_name", "auth_user"."last_name", "auth_user"."email", "auth_user"."is_staff", "auth_user"."is_active", "auth_user"."date_joined" FROM "auth_user" WHERE "auth_user"."username" = 'developer3' LIMIT 21; args=('developer3',)
(0.000) SELECT (1) AS "a" FROM "django_session" WHERE "django_session"."session_key" = 'aja4st7qxs66mxfalucw79fv2599csih' LIMIT 1; args=('aja4st7qxs66mxfalucw79fv2599csih',)
(0.000) BEGIN; args=None
(0.000) INSERT INTO "django_session" ("session_key", "session_data", "expire_date") SELECT 'aja4st7qxs66mxfalucw79fv2599csih', 'e30:1kA5S4:Df1O2Cds09LyW65BcMAdghWrUyTsaVTf9jwoKSF15MU', '2020-09-07 05:55:28.302180'; args=('aja4st7qxs66mxfalucw79fv2599csih', 'e30:1kA5S4:Df1O2Cds09LyW65BcMAdghWrUyTsaVTf9jwoKSF15MU', '2020-09-07 05:55:28.302180')
(0.016) UPDATE "auth_user" SET "last_login" = '2020-08-24 05:55:28.312339' WHERE "auth_user"."id" = 1; args=('2020-08-24 05:55:28.312339', 1)
(0.000) BEGIN; args=None
(0.000) UPDATE "django_session" SET "session_data" = '.eJxVjDsOwjAQBe_iGlk4ZhOHkp4zWOv94ACypTipEHeHSCmgfTPzXibiuuS4NpnjxOZsnDn8bgnpIWUDfMdyq5ZqWeYp2U2xO232Wlmel939O8jY8rdGVfHOn1CDiIKiYyQNTof-2CkM0qfO-ZG7BI6IgShIAPTAfoTgR_P-AB6jOM8:1kA5S4:U71ppNp_tR9ziiCtQ1dd0Ggflfw_EcTDD0XppUPb3Bs', "expire_date" = '2020-09-07 05:55:28.320582' WHERE "django_session"."session_key" = 'aja4st7qxs66mxfalucw79fv2599csih'; args=('.eJxVjDsOwjAQBe_iGlk4ZhOHkp4zWOv94ACypTipEHeHSCmgfTPzXibiuuS4NpnjxOZsnDn8bgnpIWUDfMdyq5ZqWeYp2U2xO232Wlmel939O8jY8rdGVfHOn1CDiIKiYyQNTof-2CkM0qfO-ZG7BI6IgShIAPTAfoTgR_P-AB6jOM8:1kA5S4:U71ppNp_tR9ziiCtQ1dd0Ggflfw_EcTDD0XppUPb3Bs', '2020-09-07 05:55:28.320582', 'aja4st7qxs66mxfalucw79fv2599csih')
"POST /accounts/login/ HTTP/1.1" 302 0
(0.000) SELECT "django_session"."session_key", "django_session"."session_data", "django_session"."expire_date" FROM "django_session" WHERE ("django_session"."expire_date" > '2020-08-24 05:55:28.333757' AND "django_session"."session_key" = 'aja4st7qxs66mxfalucw79fv2599csih') LIMIT 21; args=('2020-08-24 05:55:28.333757', 'aja4st7qxs66mxfalucw79fv2599csih')
(0.000) SELECT "auth_user"."id", "auth_user"."password", "auth_user"."last_login", "auth_user"."is_superuser", "auth_user"."username", "auth_user"."first_name", "auth_user"."last_name", "auth_user"."email", "auth_user"."is_staff", "auth_user"."is_active", "auth_user"."date_joined" FROM "auth_user" WHERE "auth_user"."id" = 1 LIMIT 21; args=(1,)
"GET / HTTP/1.1" 200 183
(0.000) SELECT "django_session"."session_key", "django_session"."session_data", "django_session"."expire_date" FROM "django_session" WHERE ("django_session"."expire_date" > '2020-08-24 05:55:31.989514' AND "django_session"."session_key" = 'aja4st7qxs66mxfalucw79fv2599csih') LIMIT 21; args=('2020-08-24 05:55:31.989514', 'aja4st7qxs66mxfalucw79fv2599csih')
(0.000) SELECT "auth_user"."id", "auth_user"."password", "auth_user"."last_login", "auth_user"."is_superuser", "auth_user"."username", "auth_user"."first_name", "auth_user"."last_name", "auth_user"."email", "auth_user"."is_staff", "auth_user"."is_active", "auth_user"."date_joined" FROM "auth_user" WHERE "auth_user"."id" = 1 LIMIT 21; args=(1,)
(0.000) SELECT "django_session"."session_key", "django_session"."session_data", "django_session"."expire_date" FROM "django_session" WHERE "django_session"."session_key" = 'aja4st7qxs66mxfalucw79fv2599csih' LIMIT 21; args=('aja4st7qxs66mxfalucw79fv2599csih',)
(0.000) DELETE FROM "django_session" WHERE "django_session"."session_key" IN ('aja4st7qxs66mxfalucw79fv2599csih'); args=('aja4st7qxs66mxfalucw79fv2599csih',)
"GET /accounts/logout/ HTTP/1.1" 302 0
"GET / HTTP/1.1" 200 188
"GET /accounts/login/ HTTP/1.1" 200 658
"GET /admin/password_change/ HTTP/1.1" 302 0
"GET /admin/login/?next=/admin/password_change/ HTTP/1.1" 200 2226
"GET /admin/auth/group/add/ HTTP/1.1" 302 0
"GET /admin/login/?next=/admin/auth/group/add/ HTTP/1.1" 200 2224
"GET /admin/ HTTP/1.1" 302 0
"GET /admin/login/?next=/admin/ HTTP/1.1" 200 2194
"GET /admin/login/?next=/admin/ HTTP/1.1" 200 2194
